<?xml version="1.0" encoding="UTF-8"?>
<coverage generated="1777996540720" clover="3.2.0">
  <project timestamp="1777996540720" name="All files">
    <metrics statements="988" coveredstatements="863" conditionals="738" coveredconditionals="595" methods="275" coveredmethods="248" elements="2001" coveredelements="1706" complexity="0" loc="988" ncloc="988" packages="5" files="32" classes="32"/>
    <package name="components">
      <metrics statements="430" coveredstatements="337" conditionals="351" coveredconditionals="263" methods="114" coveredmethods="96"/>
      <file name="CascadingSelector.tsx" path="C:\Users\Umut\Projects\smartsearch-frontend\src\components\CascadingSelector.tsx">
        <metrics statements="17" coveredstatements="15" conditionals="26" coveredconditionals="24" methods="11" coveredmethods="11"/>
        <line num="23" count="188" type="stmt"/>
        <line num="24" count="270" type="stmt"/>
        <line num="26" count="111" type="stmt"/>
        <line num="27" count="111" type="stmt"/>
        <line num="29" count="111" type="stmt"/>
        <line num="30" count="56" type="cond" truecount="3" falsecount="1"/>
        <line num="31" count="0" type="stmt"/>
        <line num="38" count="111" type="stmt"/>
        <line num="39" count="55" type="cond" truecount="3" falsecount="1"/>
        <line num="40" count="0" type="stmt"/>
        <line num="47" count="111" type="stmt"/>
        <line num="66" count="285" type="stmt"/>
        <line num="68" count="138" type="stmt"/>
        <line num="83" count="1" type="stmt"/>
        <line num="130" count="123" type="stmt"/>
        <line num="132" count="41" type="stmt"/>
        <line num="146" count="1" type="stmt"/>
      </file>
      <file name="ImageCarousel.tsx" path="C:\Users\Umut\Projects\smartsearch-frontend\src\components\ImageCarousel.tsx">
        <metrics statements="37" coveredstatements="37" conditionals="27" coveredconditionals="26" methods="11" coveredmethods="11"/>
        <line num="14" count="73" type="stmt"/>
        <line num="15" count="73" type="stmt"/>
        <line num="16" count="73" type="stmt"/>
        <line num="19" count="73" type="stmt"/>
        <line num="21" count="73" type="stmt"/>
        <line num="22" count="73" type="stmt"/>
        <line num="24" count="73" type="stmt"/>
        <line num="25" count="3" type="stmt"/>
        <line num="26" count="3" type="stmt"/>
        <line num="29" count="73" type="stmt"/>
        <line num="30" count="3" type="stmt"/>
        <line num="33" count="73" type="stmt"/>
        <line num="34" count="3" type="cond" truecount="3" falsecount="1"/>
        <line num="36" count="3" type="stmt"/>
        <line num="37" count="3" type="stmt"/>
        <line num="38" count="3" type="stmt"/>
        <line num="40" count="3" type="cond" truecount="2" falsecount="0"/>
        <line num="41" count="1" type="stmt"/>
        <line num="43" count="3" type="cond" truecount="2" falsecount="0"/>
        <line num="44" count="1" type="stmt"/>
        <line num="48" count="73" type="stmt"/>
        <line num="49" count="3" type="cond" truecount="2" falsecount="0"/>
        <line num="52" count="73" type="stmt"/>
        <line num="53" count="9" type="cond" truecount="2" falsecount="0"/>
        <line num="56" count="73" type="stmt"/>
        <line num="57" count="2" type="stmt"/>
        <line num="58" count="2" type="stmt"/>
        <line num="59" count="2" type="stmt"/>
        <line num="62" count="73" type="stmt"/>
        <line num="63" count="8" type="stmt"/>
        <line num="64" count="8" type="stmt"/>
        <line num="65" count="8" type="stmt"/>
        <line num="68" count="73" type="cond" truecount="2" falsecount="0"/>
        <line num="69" count="1" type="stmt"/>
        <line num="91" count="72" type="stmt"/>
        <line num="99" count="72" type="stmt"/>
        <line num="150" count="176" type="stmt"/>
      </file>
      <file name="LoadingWave.tsx" path="C:\Users\Umut\Projects\smartsearch-frontend\src\components\LoadingWave.tsx">
        <metrics statements="4" coveredstatements="4" conditionals="1" coveredconditionals="1" methods="1" coveredmethods="1"/>
        <line num="5" count="4" type="stmt"/>
        <line num="6" count="4" type="stmt"/>
        <line num="8" count="4" type="cond" truecount="1" falsecount="0"/>
        <line num="9" count="5" type="stmt"/>
      </file>
      <file name="MediaGallery.tsx" path="C:\Users\Umut\Projects\smartsearch-frontend\src\components\MediaGallery.tsx">
        <metrics statements="60" coveredstatements="56" conditionals="56" coveredconditionals="41" methods="18" coveredmethods="16"/>
        <line num="18" count="117" type="stmt"/>
        <line num="19" count="117" type="stmt"/>
        <line num="21" count="117" type="stmt"/>
        <line num="22" count="6" type="cond" truecount="3" falsecount="1"/>
        <line num="24" count="6" type="stmt"/>
        <line num="26" count="6" type="stmt"/>
        <line num="27" count="7" type="cond" truecount="2" falsecount="0"/>
        <line num="28" count="5" type="stmt"/>
        <line num="36" count="6" type="cond" truecount="2" falsecount="0"/>
        <line num="37" count="4" type="stmt"/>
        <line num="42" count="117" type="stmt"/>
        <line num="43" count="4" type="stmt"/>
        <line num="44" count="4" type="cond" truecount="1" falsecount="1"/>
        <line num="48" count="117" type="stmt"/>
        <line num="49" count="6" type="stmt"/>
        <line num="50" count="6" type="cond" truecount="3" falsecount="1"/>
        <line num="51" count="6" type="stmt"/>
        <line num="52" count="6" type="stmt"/>
        <line num="53" count="6" type="cond" truecount="4" falsecount="0"/>
        <line num="54" count="5" type="stmt"/>
        <line num="55" count="5" type="stmt"/>
        <line num="59" count="0" type="stmt"/>
        <line num="62" count="6" type="cond" truecount="2" falsecount="0"/>
        <line num="63" count="5" type="stmt"/>
        <line num="64" count="5" type="stmt"/>
        <line num="68" count="117" type="stmt"/>
        <line num="69" count="1" type="stmt"/>
        <line num="70" count="1" type="stmt"/>
        <line num="73" count="117" type="stmt"/>
        <line num="74" count="2" type="stmt"/>
        <line num="75" count="2" type="cond" truecount="1" falsecount="1"/>
        <line num="76" count="2" type="stmt"/>
        <line num="78" count="2" type="stmt"/>
        <line num="82" count="117" type="stmt"/>
        <line num="83" count="2" type="stmt"/>
        <line num="84" count="2" type="cond" truecount="1" falsecount="1"/>
        <line num="86" count="2" type="stmt"/>
        <line num="88" count="2" type="stmt"/>
        <line num="89" count="2" type="stmt"/>
        <line num="90" count="2" type="cond" truecount="4" falsecount="0"/>
        <line num="91" count="1" type="stmt"/>
        <line num="92" count="1" type="cond" truecount="1" falsecount="1"/>
        <line num="96" count="2" type="cond" truecount="2" falsecount="0"/>
        <line num="97" count="1" type="stmt"/>
        <line num="98" count="1" type="stmt"/>
        <line num="103" count="1" type="stmt"/>
        <line num="108" count="117" type="stmt"/>
        <line num="109" count="4" type="stmt"/>
        <line num="110" count="3" type="cond" truecount="1" falsecount="1"/>
        <line num="111" count="4" type="stmt"/>
        <line num="114" count="117" type="stmt"/>
        <line num="140" count="1" type="stmt"/>
        <line num="142" count="2" type="cond" truecount="3" falsecount="1"/>
        <line num="143" count="2" type="stmt"/>
        <line num="190" count="15" type="stmt"/>
        <line num="200" count="3" type="stmt"/>
        <line num="201" count="3" type="stmt"/>
        <line num="231" count="0" type="stmt"/>
        <line num="233" count="0" type="cond" truecount="0" falsecount="4"/>
        <line num="234" count="0" type="stmt"/>
      </file>
      <file name="ProductCard.tsx" path="C:\Users\Umut\Projects\smartsearch-frontend\src\components\ProductCard.tsx">
        <metrics statements="15" coveredstatements="15" conditionals="22" coveredconditionals="21" methods="6" coveredmethods="6"/>
        <line num="13" count="35" type="stmt"/>
        <line num="17" count="35" type="stmt"/>
        <line num="18" count="8" type="stmt"/>
        <line num="20" count="1" type="stmt"/>
        <line num="21" count="1" type="stmt"/>
        <line num="25" count="35" type="stmt"/>
        <line num="26" count="9" type="stmt"/>
        <line num="27" count="9" type="stmt"/>
        <line num="29" count="9" type="cond" truecount="2" falsecount="0"/>
        <line num="30" count="9" type="stmt"/>
        <line num="32" count="9" type="cond" truecount="2" falsecount="0"/>
        <line num="33" count="8" type="stmt"/>
        <line num="37" count="35" type="stmt"/>
        <line num="99" count="6" type="stmt"/>
        <line num="119" count="3" type="stmt"/>
      </file>
      <file name="ProductFormModal.tsx" path="C:\Users\Umut\Projects\smartsearch-frontend\src\components\ProductFormModal.tsx">
        <metrics statements="97" coveredstatements="52" conditionals="50" coveredconditionals="27" methods="20" coveredmethods="8"/>
        <line num="37" count="89" type="stmt"/>
        <line num="38" count="89" type="stmt"/>
        <line num="41" count="89" type="stmt"/>
        <line num="48" count="89" type="stmt"/>
        <line num="49" count="89" type="stmt"/>
        <line num="52" count="89" type="stmt"/>
        <line num="55" count="89" type="stmt"/>
        <line num="56" count="89" type="stmt"/>
        <line num="59" count="89" type="stmt"/>
        <line num="63" count="89" type="cond" truecount="2" falsecount="0"/>
        <line num="65" count="89" type="stmt"/>
        <line num="69" count="89" type="cond" truecount="2" falsecount="0"/>
        <line num="70" count="90" type="stmt"/>
        <line num="76" count="89" type="stmt"/>
        <line num="77" count="23" type="cond" truecount="4" falsecount="0"/>
        <line num="78" count="9" type="stmt"/>
        <line num="85" count="9" type="stmt"/>
        <line num="86" count="9" type="cond" truecount="1" falsecount="1"/>
        <line num="87" count="9" type="cond" truecount="1" falsecount="1"/>
        <line num="90" count="9" type="stmt"/>
        <line num="91" count="9" type="stmt"/>
        <line num="92" count="9" type="stmt"/>
        <line num="93" count="9" type="stmt"/>
        <line num="94" count="7" type="stmt"/>
        <line num="95" count="7" type="stmt"/>
        <line num="96" count="7" type="stmt"/>
        <line num="97" count="7" type="stmt"/>
        <line num="98" count="0" type="stmt"/>
        <line num="99" count="0" type="cond" truecount="0" falsecount="2"/>
        <line num="100" count="7" type="stmt"/>
        <line num="101" count="7" type="stmt"/>
        <line num="107" count="7" type="stmt"/>
        <line num="108" count="0" type="stmt"/>
        <line num="110" count="8" type="stmt"/>
        <line num="112" count="8" type="stmt"/>
        <line num="115" count="9" type="stmt"/>
        <line num="116" count="14" type="cond" truecount="4" falsecount="0"/>
        <line num="118" count="12" type="stmt"/>
        <line num="119" count="12" type="stmt"/>
        <line num="120" count="12" type="stmt"/>
        <line num="121" count="12" type="stmt"/>
        <line num="122" count="12" type="stmt"/>
        <line num="127" count="89" type="stmt"/>
        <line num="130" count="0" type="stmt"/>
        <line num="131" count="0" type="stmt"/>
        <line num="132" count="0" type="stmt"/>
        <line num="135" count="0" type="stmt"/>
        <line num="139" count="89" type="stmt"/>
        <line num="140" count="0" type="stmt"/>
        <line num="142" count="0" type="stmt"/>
        <line num="143" count="0" type="stmt"/>
        <line num="144" count="0" type="stmt"/>
        <line num="147" count="0" type="stmt"/>
        <line num="152" count="89" type="stmt"/>
        <line num="153" count="32" type="stmt"/>
        <line num="154" count="32" type="stmt"/>
        <line num="158" count="89" type="stmt"/>
        <line num="159" count="0" type="cond" truecount="0" falsecount="2"/>
        <line num="160" count="0" type="stmt"/>
        <line num="161" count="0" type="stmt"/>
        <line num="165" count="89" type="stmt"/>
        <line num="166" count="1" type="stmt"/>
        <line num="169" count="1" type="cond" truecount="2" falsecount="4"/>
        <line num="170" count="1" type="stmt"/>
        <line num="171" count="1" type="stmt"/>
        <line num="175" count="0" type="stmt"/>
        <line num="176" count="0" type="stmt"/>
        <line num="177" count="0" type="stmt"/>
        <line num="178" count="0" type="stmt"/>
        <line num="179" count="0" type="stmt"/>
        <line num="180" count="0" type="stmt"/>
        <line num="181" count="0" type="stmt"/>
        <line num="183" count="0" type="cond" truecount="0" falsecount="2"/>
        <line num="184" count="0" type="cond" truecount="0" falsecount="2"/>
        <line num="185" count="0" type="stmt"/>
        <line num="186" count="0" type="stmt"/>
        <line num="188" count="0" type="cond" truecount="0" falsecount="2"/>
        <line num="189" count="0" type="stmt"/>
        <line num="190" count="0" type="stmt"/>
        <line num="193" count="0" type="stmt"/>
        <line num="194" count="0" type="stmt"/>
        <line num="195" count="0" type="stmt"/>
        <line num="196" count="0" type="stmt"/>
        <line num="197" count="0" type="cond" truecount="0" falsecount="2"/>
        <line num="198" count="0" type="stmt"/>
        <line num="199" count="0" type="stmt"/>
        <line num="201" count="0" type="cond" truecount="0" falsecount="2"/>
        <line num="202" count="0" type="stmt"/>
        <line num="205" count="0" type="stmt"/>
        <line num="211" count="0" type="stmt"/>
        <line num="215" count="0" type="stmt"/>
        <line num="217" count="0" type="stmt"/>
        <line num="226" count="0" type="cond" truecount="0" falsecount="2"/>
        <line num="227" count="0" type="stmt"/>
        <line num="229" count="0" type="stmt"/>
        <line num="233" count="89" type="cond" truecount="2" falsecount="0"/>
        <line num="235" count="89" type="stmt"/>
      </file>
      <file name="ProductListItem.tsx" path="C:\Users\Umut\Projects\smartsearch-frontend\src\components\ProductListItem.tsx">
        <metrics statements="12" coveredstatements="12" conditionals="8" coveredconditionals="7" methods="5" coveredmethods="5"/>
        <line num="13" count="18" type="stmt"/>
        <line num="15" count="18" type="stmt"/>
        <line num="16" count="16" type="stmt"/>
        <line num="17" count="16" type="cond" truecount="1" falsecount="1"/>
        <line num="18" count="16" type="stmt"/>
        <line num="19" count="16" type="stmt"/>
        <line num="20" count="10" type="stmt"/>
        <line num="22" count="13" type="stmt"/>
        <line num="26" count="16" type="stmt"/>
        <line num="29" count="18" type="stmt"/>
        <line num="77" count="1" type="stmt"/>
        <line num="85" count="1" type="stmt"/>
      </file>
      <file name="ProtectedRoute.tsx" path="C:\Users\Umut\Projects\smartsearch-frontend\src\components\ProtectedRoute.tsx">
        <metrics statements="13" coveredstatements="13" conditionals="6" coveredconditionals="6" methods="2" coveredmethods="2"/>
        <line num="8" count="1" type="stmt"/>
        <line num="11" count="15" type="stmt"/>
        <line num="12" count="15" type="stmt"/>
        <line num="14" count="15" type="stmt"/>
        <line num="15" count="6" type="stmt"/>
        <line num="16" count="6" type="cond" truecount="2" falsecount="0"/>
        <line num="17" count="3" type="stmt"/>
        <line num="19" count="3" type="stmt"/>
        <line num="23" count="15" type="cond" truecount="2" falsecount="0"/>
        <line num="24" count="6" type="stmt"/>
        <line num="27" count="9" type="cond" truecount="2" falsecount="0"/>
        <line num="29" count="6" type="stmt"/>
        <line num="32" count="3" type="stmt"/>
      </file>
      <file name="SearchBar.tsx" path="C:\Users\Umut\Projects\smartsearch-frontend\src\components\SearchBar.tsx">
        <metrics statements="43" coveredstatements="36" conditionals="75" coveredconditionals="51" methods="9" coveredmethods="8"/>
        <line num="19" count="355" type="cond" truecount="2" falsecount="0"/>
        <line num="20" count="355" type="cond" truecount="2" falsecount="0"/>
        <line num="21" count="355" type="cond" truecount="2" falsecount="0"/>
        <line num="22" count="355" type="stmt"/>
        <line num="23" count="355" type="stmt"/>
        <line num="24" count="355" type="stmt"/>
        <line num="27" count="355" type="stmt"/>
        <line num="28" count="22" type="cond" truecount="2" falsecount="0"/>
        <line num="29" count="2" type="stmt"/>
        <line num="34" count="355" type="stmt"/>
        <line num="35" count="347" type="cond" truecount="1" falsecount="1"/>
        <line num="36" count="347" type="stmt"/>
        <line num="37" count="347" type="stmt"/>
        <line num="42" count="355" type="stmt"/>
        <line num="58" count="355" type="stmt"/>
        <line num="63" count="355" type="stmt"/>
        <line num="64" count="1" type="stmt"/>
        <line num="65" count="1" type="cond" truecount="1" falsecount="1"/>
        <line num="66" count="1" type="stmt"/>
        <line num="67" count="1" type="stmt"/>
        <line num="68" count="1" type="stmt"/>
        <line num="74" count="355" type="stmt"/>
        <line num="75" count="324" type="stmt"/>
        <line num="76" count="324" type="stmt"/>
        <line num="80" count="355" type="stmt"/>
        <line num="81" count="1" type="stmt"/>
        <line num="83" count="1" type="cond" truecount="1" falsecount="1"/>
        <line num="84" count="0" type="stmt"/>
        <line num="88" count="1" type="cond" truecount="2" falsecount="2"/>
        <line num="89" count="0" type="stmt"/>
        <line num="92" count="1" type="cond" truecount="2" falsecount="2"/>
        <line num="93" count="0" type="stmt"/>
        <line num="96" count="1" type="cond" truecount="3" falsecount="2"/>
        <line num="97" count="0" type="stmt"/>
        <line num="100" count="1" type="stmt"/>
        <line num="101" count="1" type="stmt"/>
        <line num="108" count="355" type="stmt"/>
        <line num="109" count="323" type="cond" truecount="2" falsecount="2"/>
        <line num="110" count="0" type="stmt"/>
        <line num="111" count="0" type="stmt"/>
        <line num="115" count="355" type="stmt"/>
        <line num="181" count="0" type="stmt"/>
        <line num="225" count="1" type="stmt"/>
      </file>
      <file name="SearchModeMenu.tsx" path="C:\Users\Umut\Projects\smartsearch-frontend\src\components\SearchModeMenu.tsx">
        <metrics statements="16" coveredstatements="16" conditionals="17" coveredconditionals="17" methods="9" coveredmethods="9"/>
        <line num="9" count="380" type="cond" truecount="2" falsecount="0"/>
        <line num="17" count="380" type="stmt"/>
        <line num="18" count="380" type="stmt"/>
        <line num="19" count="380" type="stmt"/>
        <line num="21" count="380" type="stmt"/>
        <line num="22" count="54" type="stmt"/>
        <line num="23" count="8" type="cond" truecount="2" falsecount="0"/>
        <line num="30" count="1" type="stmt"/>
        <line num="34" count="54" type="stmt"/>
        <line num="35" count="54" type="stmt"/>
        <line num="36" count="54" type="stmt"/>
        <line num="40" count="380" type="stmt"/>
        <line num="46" count="13" type="stmt"/>
        <line num="77" count="2" type="stmt"/>
        <line num="89" count="3" type="stmt"/>
        <line num="101" count="1" type="stmt"/>
      </file>
      <file name="SearchTimingRow.tsx" path="C:\Users\Umut\Projects\smartsearch-frontend\src\components\SearchTimingRow.tsx">
        <metrics statements="16" coveredstatements="16" conditionals="15" coveredconditionals="15" methods="5" coveredmethods="5"/>
        <line num="5" count="1" type="stmt"/>
        <line num="6" count="28" type="stmt"/>
        <line num="7" count="28" type="stmt"/>
        <line num="9" count="84" type="stmt"/>
        <line num="10" count="28" type="stmt"/>
        <line num="11" count="28" type="stmt"/>
        <line num="12" count="28" type="stmt"/>
        <line num="14" count="28" type="stmt"/>
        <line num="15" count="28" type="stmt"/>
        <line num="16" count="83" type="stmt"/>
        <line num="17" count="167" type="stmt"/>
        <line num="20" count="28" type="stmt"/>
        <line num="21" count="27" type="cond" truecount="2" falsecount="0"/>
        <line num="22" count="2" type="cond" truecount="2" falsecount="0"/>
        <line num="23" count="1" type="stmt"/>
        <line num="26" count="28" type="stmt"/>
      </file>
      <file name="useSearchImage.ts" path="C:\Users\Umut\Projects\smartsearch-frontend\src\components\useSearchImage.ts">
        <metrics statements="100" coveredstatements="65" conditionals="48" coveredconditionals="27" methods="17" coveredmethods="14"/>
        <line num="5" count="381" type="stmt"/>
        <line num="6" count="381" type="stmt"/>
        <line num="7" count="381" type="stmt"/>
        <line num="8" count="381" type="stmt"/>
        <line num="11" count="381" type="stmt"/>
        <line num="12" count="42" type="cond" truecount="2" falsecount="0"/>
        <line num="13" count="2" type="stmt"/>
        <line num="17" count="381" type="stmt"/>
        <line num="18" count="3" type="stmt"/>
        <line num="19" count="3" type="stmt"/>
        <line num="20" count="3" type="stmt"/>
        <line num="21" count="3" type="stmt"/>
        <line num="22" count="3" type="stmt"/>
        <line num="23" count="0" type="stmt"/>
        <line num="24" count="0" type="stmt"/>
        <line num="25" count="0" type="stmt"/>
        <line num="28" count="0" type="cond" truecount="0" falsecount="2"/>
        <line num="34" count="0" type="stmt"/>
        <line num="35" count="0" type="stmt"/>
        <line num="38" count="0" type="cond" truecount="0" falsecount="2"/>
        <line num="39" count="0" type="cond" truecount="0" falsecount="2"/>
        <line num="40" count="0" type="stmt"/>
        <line num="41" count="0" type="stmt"/>
        <line num="43" count="0" type="cond" truecount="0" falsecount="2"/>
        <line num="44" count="0" type="stmt"/>
        <line num="45" count="0" type="stmt"/>
        <line num="48" count="0" type="stmt"/>
        <line num="49" count="0" type="stmt"/>
        <line num="50" count="0" type="stmt"/>
        <line num="51" count="0" type="stmt"/>
        <line num="52" count="0" type="cond" truecount="0" falsecount="2"/>
        <line num="53" count="0" type="stmt"/>
        <line num="54" count="0" type="stmt"/>
        <line num="56" count="0" type="stmt"/>
        <line num="57" count="0" type="stmt"/>
        <line num="59" count="0" type="stmt"/>
        <line num="60" count="0" type="cond" truecount="0" falsecount="2"/>
        <line num="61" count="0" type="stmt"/>
        <line num="64" count="0" type="stmt"/>
        <line num="70" count="3" type="stmt"/>
        <line num="71" count="0" type="stmt"/>
        <line num="72" count="0" type="stmt"/>
        <line num="77" count="381" type="stmt"/>
        <line num="78" count="4" type="cond" truecount="4" falsecount="0"/>
        <line num="79" count="3" type="stmt"/>
        <line num="80" count="3" type="stmt"/>
        <line num="81" count="0" type="stmt"/>
        <line num="82" count="0" type="stmt"/>
        <line num="84" count="0" type="stmt"/>
        <line num="92" count="381" type="stmt"/>
        <line num="93" count="2" type="stmt"/>
        <line num="97" count="381" type="stmt"/>
        <line num="98" count="1" type="stmt"/>
        <line num="102" count="381" type="stmt"/>
        <line num="103" count="3" type="stmt"/>
        <line num="104" count="3" type="cond" truecount="2" falsecount="0"/>
        <line num="106" count="2" type="stmt"/>
        <line num="107" count="2" type="stmt"/>
        <line num="108" count="2" type="cond" truecount="4" falsecount="0"/>
        <line num="109" count="1" type="stmt"/>
        <line num="110" count="1" type="cond" truecount="1" falsecount="1"/>
        <line num="111" count="1" type="stmt"/>
        <line num="112" count="1" type="stmt"/>
        <line num="113" count="1" type="stmt"/>
        <line num="120" count="381" type="stmt"/>
        <line num="121" count="2" type="stmt"/>
        <line num="122" count="2" type="stmt"/>
        <line num="123" count="2" type="stmt"/>
        <line num="124" count="2" type="cond" truecount="1" falsecount="1"/>
        <line num="125" count="2" type="stmt"/>
        <line num="130" count="381" type="stmt"/>
        <line num="131" count="4" type="stmt"/>
        <line num="132" count="4" type="cond" truecount="3" falsecount="1"/>
        <line num="133" count="4" type="stmt"/>
        <line num="134" count="4" type="stmt"/>
        <line num="135" count="4" type="cond" truecount="4" falsecount="0"/>
        <line num="136" count="3" type="stmt"/>
        <line num="137" count="3" type="stmt"/>
        <line num="141" count="0" type="stmt"/>
        <line num="144" count="4" type="cond" truecount="2" falsecount="0"/>
        <line num="145" count="3" type="stmt"/>
        <line num="146" count="3" type="stmt"/>
        <line num="150" count="381" type="stmt"/>
        <line num="151" count="1" type="stmt"/>
        <line num="152" count="1" type="stmt"/>
        <line num="155" count="381" type="stmt"/>
        <line num="156" count="2" type="cond" truecount="2" falsecount="0"/>
        <line num="157" count="1" type="stmt"/>
        <line num="158" count="1" type="stmt"/>
        <line num="160" count="2" type="stmt"/>
        <line num="164" count="381" type="stmt"/>
        <line num="165" count="42" type="stmt"/>
        <line num="167" count="42" type="cond" truecount="1" falsecount="1"/>
        <line num="168" count="0" type="stmt"/>
        <line num="169" count="0" type="stmt"/>
        <line num="171" count="42" type="stmt"/>
        <line num="174" count="42" type="stmt"/>
        <line num="175" count="42" type="cond" truecount="1" falsecount="1"/>
        <line num="176" count="0" type="stmt"/>
        <line num="181" count="381" type="stmt"/>
      </file>
    </package>
    <package name="components.ui">
      <metrics statements="222" coveredstatements="197" conditionals="152" coveredconditionals="120" methods="69" coveredmethods="66"/>
      <file name="Button.tsx" path="C:\Users\Umut\Projects\smartsearch-frontend\src\components\ui\Button.tsx">
        <metrics statements="4" coveredstatements="4" conditionals="0" coveredconditionals="0" methods="1" coveredmethods="1"/>
        <line num="5" count="11" type="stmt"/>
        <line num="39" count="11" type="stmt"/>
        <line num="41" count="1686" type="stmt"/>
        <line num="44" count="11" type="stmt"/>
      </file>
      <file name="Card.tsx" path="C:\Users\Umut\Projects\smartsearch-frontend\src\components\ui\Card.tsx">
        <metrics statements="8" coveredstatements="8" conditionals="0" coveredconditionals="0" methods="3" coveredmethods="3"/>
        <line num="5" count="12" type="stmt"/>
        <line num="20" count="12" type="stmt"/>
        <line num="21" count="413" type="stmt"/>
        <line num="23" count="12" type="stmt"/>
        <line num="25" count="12" type="stmt"/>
        <line num="26" count="317" type="stmt"/>
        <line num="31" count="12" type="stmt"/>
        <line num="32" count="219" type="stmt"/>
      </file>
      <file name="Combobox.tsx" path="C:\Users\Umut\Projects\smartsearch-frontend\src\components\ui\Combobox.tsx">
        <metrics statements="70" coveredstatements="60" conditionals="63" coveredconditionals="42" methods="21" coveredmethods="19"/>
        <line num="31" count="160" type="stmt"/>
        <line num="32" count="160" type="stmt"/>
        <line num="33" count="160" type="stmt"/>
        <line num="34" count="160" type="stmt"/>
        <line num="35" count="160" type="stmt"/>
        <line num="36" count="160" type="cond" truecount="2" falsecount="0"/>
        <line num="39" count="160" type="stmt"/>
        <line num="41" count="21" type="cond" truecount="4" falsecount="0"/>
        <line num="42" count="5" type="stmt"/>
        <line num="45" count="40" type="stmt"/>
        <line num="46" count="40" type="stmt"/>
        <line num="50" count="160" type="stmt"/>
        <line num="51" count="119" type="cond" truecount="2" falsecount="0"/>
        <line num="52" count="62" type="stmt"/>
        <line num="55" count="160" type="stmt"/>
        <line num="56" count="69" type="stmt"/>
        <line num="60" count="160" type="stmt"/>
        <line num="61" count="74" type="cond" truecount="5" falsecount="0"/>
        <line num="62" count="14" type="stmt"/>
        <line num="63" count="14" type="stmt"/>
        <line num="64" count="14" type="cond" truecount="1" falsecount="1"/>
        <line num="65" count="14" type="stmt"/>
        <line num="66" count="14" type="stmt"/>
        <line num="67" count="14" type="stmt"/>
        <line num="68" count="14" type="stmt"/>
        <line num="70" count="14" type="cond" truecount="1" falsecount="1"/>
        <line num="71" count="0" type="stmt"/>
        <line num="72" count="14" type="cond" truecount="1" falsecount="1"/>
        <line num="73" count="0" type="stmt"/>
        <line num="80" count="160" type="stmt"/>
        <line num="81" count="22" type="cond" truecount="1" falsecount="1"/>
        <line num="82" count="22" type="stmt"/>
        <line num="83" count="22" type="stmt"/>
        <line num="87" count="160" type="stmt"/>
        <line num="88" count="3" type="cond" truecount="1" falsecount="1"/>
        <line num="89" count="3" type="stmt"/>
        <line num="90" count="3" type="stmt"/>
        <line num="93" count="160" type="stmt"/>
        <line num="94" count="25" type="cond" truecount="1" falsecount="1"/>
        <line num="96" count="25" type="cond" truecount="1" falsecount="1"/>
        <line num="97" count="0" type="cond" truecount="0" falsecount="4"/>
        <line num="98" count="0" type="stmt"/>
        <line num="99" count="0" type="stmt"/>
        <line num="101" count="0" type="stmt"/>
        <line num="104" count="25" type="cond" truecount="3" falsecount="1"/>
        <line num="106" count="1" type="stmt"/>
        <line num="107" count="1" type="cond" truecount="1" falsecount="1"/>
        <line num="108" count="1" type="stmt"/>
        <line num="110" count="0" type="stmt"/>
        <line num="111" count="0" type="cond" truecount="0" falsecount="2"/>
        <line num="112" count="0" type="stmt"/>
        <line num="114" count="1" type="stmt"/>
        <line num="115" count="1" type="cond" truecount="1" falsecount="1"/>
        <line num="116" count="1" type="stmt"/>
        <line num="118" count="1" type="stmt"/>
        <line num="120" count="1" type="stmt"/>
        <line num="121" count="1" type="stmt"/>
        <line num="125" count="160" type="stmt"/>
        <line num="126" count="1" type="stmt"/>
        <line num="127" count="1" type="cond" truecount="3" falsecount="1"/>
        <line num="128" count="1" type="stmt"/>
        <line num="133" count="160" type="stmt"/>
        <line num="146" count="11" type="cond" truecount="1" falsecount="1"/>
        <line num="157" count="0" type="cond" truecount="0" falsecount="2"/>
        <line num="190" count="75" type="stmt"/>
        <line num="191" count="75" type="stmt"/>
        <line num="192" count="75" type="stmt"/>
        <line num="195" count="2" type="stmt"/>
        <line num="196" count="2" type="stmt"/>
        <line num="197" count="2" type="stmt"/>
      </file>
      <file name="Icons.tsx" path="C:\Users\Umut\Projects\smartsearch-frontend\src\components\ui\Icons.tsx">
        <metrics statements="19" coveredstatements="19" conditionals="0" coveredconditionals="0" methods="18" coveredmethods="18"/>
        <line num="4" count="7" type="stmt"/>
        <line num="6" count="30" type="stmt"/>
        <line num="21" count="2" type="stmt"/>
        <line num="35" count="29" type="stmt"/>
        <line num="51" count="352" type="stmt"/>
        <line num="68" count="2" type="stmt"/>
        <line num="83" count="2" type="stmt"/>
        <line num="98" count="3" type="stmt"/>
        <line num="112" count="30" type="stmt"/>
        <line num="128" count="30" type="stmt"/>
        <line num="144" count="2" type="stmt"/>
        <line num="160" count="2" type="stmt"/>
        <line num="176" count="2" type="stmt"/>
        <line num="199" count="382" type="stmt"/>
        <line num="213" count="2" type="stmt"/>
        <line num="228" count="2" type="stmt"/>
        <line num="244" count="338" type="stmt"/>
        <line num="263" count="14" type="stmt"/>
        <line num="282" count="350" type="stmt"/>
      </file>
      <file name="Input.tsx" path="C:\Users\Umut\Projects\smartsearch-frontend\src\components\ui\Input.tsx">
        <metrics statements="5" coveredstatements="5" conditionals="8" coveredconditionals="8" methods="1" coveredmethods="1"/>
        <line num="10" count="5" type="stmt"/>
        <line num="12" count="325" type="stmt"/>
        <line num="13" count="325" type="cond" truecount="2" falsecount="0"/>
        <line num="15" count="325" type="stmt"/>
        <line num="46" count="5" type="stmt"/>
      </file>
      <file name="Modal.tsx" path="C:\Users\Umut\Projects\smartsearch-frontend\src\components\ui\Modal.tsx">
        <metrics statements="31" coveredstatements="21" conditionals="31" coveredconditionals="23" methods="7" coveredmethods="7"/>
        <line num="17" count="98" type="stmt"/>
        <line num="19" count="98" type="stmt"/>
        <line num="20" count="34" type="stmt"/>
        <line num="21" count="33" type="cond" truecount="2" falsecount="0"/>
        <line num="24" count="34" type="stmt"/>
        <line num="25" count="33" type="cond" truecount="2" falsecount="2"/>
        <line num="27" count="0" type="stmt"/>
        <line num="30" count="0" type="stmt"/>
        <line num="31" count="0" type="stmt"/>
        <line num="33" count="0" type="cond" truecount="0" falsecount="2"/>
        <line num="34" count="0" type="cond" truecount="0" falsecount="2"/>
        <line num="35" count="0" type="stmt"/>
        <line num="36" count="0" type="stmt"/>
        <line num="39" count="0" type="cond" truecount="0" falsecount="2"/>
        <line num="40" count="0" type="stmt"/>
        <line num="41" count="0" type="stmt"/>
        <line num="46" count="34" type="cond" truecount="2" falsecount="0"/>
        <line num="47" count="31" type="stmt"/>
        <line num="48" count="31" type="stmt"/>
        <line num="49" count="31" type="stmt"/>
        <line num="52" count="31" type="stmt"/>
        <line num="53" count="31" type="stmt"/>
        <line num="56" count="31" type="cond" truecount="2" falsecount="0"/>
        <line num="57" count="13" type="stmt"/>
        <line num="62" count="34" type="stmt"/>
        <line num="63" count="34" type="stmt"/>
        <line num="64" count="34" type="stmt"/>
        <line num="65" count="34" type="stmt"/>
        <line num="69" count="98" type="cond" truecount="2" falsecount="0"/>
        <line num="71" count="95" type="stmt"/>
        <line num="82" count="8" type="stmt"/>
      </file>
      <file name="Pagination.tsx" path="C:\Users\Umut\Projects\smartsearch-frontend\src\components\ui\Pagination.tsx">
        <metrics statements="29" coveredstatements="28" conditionals="10" coveredconditionals="10" methods="6" coveredmethods="5"/>
        <line num="12" count="17" type="stmt"/>
        <line num="13" count="17" type="stmt"/>
        <line num="15" count="17" type="cond" truecount="2" falsecount="0"/>
        <line num="16" count="12" type="stmt"/>
        <line num="17" count="58" type="stmt"/>
        <line num="19" count="12" type="stmt"/>
        <line num="22" count="5" type="stmt"/>
        <line num="24" count="5" type="cond" truecount="2" falsecount="0"/>
        <line num="25" count="2" type="stmt"/>
        <line num="26" count="8" type="stmt"/>
        <line num="28" count="2" type="stmt"/>
        <line num="29" count="2" type="stmt"/>
        <line num="30" count="3" type="cond" truecount="2" falsecount="0"/>
        <line num="31" count="2" type="stmt"/>
        <line num="32" count="2" type="stmt"/>
        <line num="33" count="8" type="stmt"/>
        <line num="35" count="2" type="stmt"/>
        <line num="37" count="1" type="stmt"/>
        <line num="38" count="1" type="stmt"/>
        <line num="39" count="3" type="stmt"/>
        <line num="41" count="1" type="stmt"/>
        <line num="42" count="1" type="stmt"/>
        <line num="45" count="5" type="stmt"/>
        <line num="49" count="17" type="stmt"/>
        <line num="51" count="17" type="stmt"/>
        <line num="61" count="1" type="stmt"/>
        <line num="68" count="93" type="cond" truecount="2" falsecount="0"/>
        <line num="73" count="0" type="stmt"/>
        <line num="88" count="1" type="stmt"/>
      </file>
      <file name="Select.tsx" path="C:\Users\Umut\Projects\smartsearch-frontend\src\components\ui\Select.tsx">
        <metrics statements="7" coveredstatements="7" conditionals="6" coveredconditionals="6" methods="3" coveredmethods="3"/>
        <line num="17" count="1" type="stmt"/>
        <line num="19" count="11" type="stmt"/>
        <line num="20" count="11" type="cond" truecount="2" falsecount="0"/>
        <line num="22" count="11" type="stmt"/>
        <line num="41" count="1" type="stmt"/>
        <line num="50" count="33" type="stmt"/>
        <line num="75" count="1" type="stmt"/>
      </file>
      <file name="Switch.tsx" path="C:\Users\Umut\Projects\smartsearch-frontend\src\components\ui\Switch.tsx">
        <metrics statements="3" coveredstatements="3" conditionals="3" coveredconditionals="3" methods="2" coveredmethods="2"/>
        <line num="11" count="4" type="cond" truecount="3" falsecount="0"/>
        <line num="12" count="9" type="stmt"/>
        <line num="18" count="2" type="stmt"/>
      </file>
      <file name="Textarea.tsx" path="C:\Users\Umut\Projects\smartsearch-frontend\src\components\ui\Textarea.tsx">
        <metrics statements="5" coveredstatements="5" conditionals="6" coveredconditionals="6" methods="1" coveredmethods="1"/>
        <line num="10" count="4" type="stmt"/>
        <line num="12" count="98" type="stmt"/>
        <line num="13" count="98" type="cond" truecount="2" falsecount="0"/>
        <line num="15" count="98" type="stmt"/>
        <line num="43" count="4" type="stmt"/>
      </file>
      <file name="Tooltip.tsx" path="C:\Users\Umut\Projects\smartsearch-frontend\src\components\ui\Tooltip.tsx">
        <metrics statements="41" coveredstatements="37" conditionals="25" coveredconditionals="22" methods="6" coveredmethods="6"/>
        <line num="10" count="7" type="stmt"/>
        <line num="11" count="43" type="cond" truecount="5" falsecount="0"/>
        <line num="12" count="41" type="cond" truecount="2" falsecount="0"/>
        <line num="13" count="12" type="stmt"/>
        <line num="16" count="7" type="stmt"/>
        <line num="17" count="1177" type="stmt"/>
        <line num="18" count="1177" type="stmt"/>
        <line num="19" count="1177" type="stmt"/>
        <line num="20" count="1177" type="stmt"/>
        <line num="22" count="1177" type="stmt"/>
        <line num="23" count="10" type="cond" truecount="4" falsecount="1"/>
        <line num="24" count="10" type="stmt"/>
        <line num="25" count="10" type="stmt"/>
        <line num="26" count="10" type="stmt"/>
        <line num="27" count="10" type="stmt"/>
        <line num="30" count="10" type="stmt"/>
        <line num="31" count="10" type="stmt"/>
        <line num="34" count="10" type="cond" truecount="1" falsecount="1"/>
        <line num="35" count="0" type="stmt"/>
        <line num="36" count="0" type="stmt"/>
        <line num="38" count="0" type="stmt"/>
        <line num="39" count="0" type="stmt"/>
        <line num="40" count="10" type="cond" truecount="1" falsecount="1"/>
        <line num="43" count="10" type="stmt"/>
        <line num="44" count="10" type="stmt"/>
        <line num="46" count="10" type="stmt"/>
        <line num="47" count="10" type="stmt"/>
        <line num="51" count="10" type="stmt"/>
        <line num="53" count="10" type="stmt"/>
        <line num="54" count="10" type="stmt"/>
        <line num="62" count="1177" type="stmt"/>
        <line num="63" count="176" type="cond" truecount="2" falsecount="0"/>
        <line num="64" count="10" type="stmt"/>
        <line num="68" count="1177" type="stmt"/>
        <line num="69" count="12" type="cond" truecount="4" falsecount="0"/>
        <line num="71" count="9" type="stmt"/>
        <line num="72" count="9" type="stmt"/>
        <line num="77" count="9" type="stmt"/>
        <line num="81" count="1177" type="stmt"/>
        <line num="82" count="1" type="stmt"/>
        <line num="85" count="1177" type="stmt"/>
      </file>
    </package>
    <package name="lib">
      <metrics statements="132" coveredstatements="130" conditionals="50" coveredconditionals="48" methods="24" coveredmethods="22"/>
      <file name="api.ts" path="C:\Users\Umut\Projects\smartsearch-frontend\src\lib\api.ts">
        <metrics statements="131" coveredstatements="129" conditionals="50" coveredconditionals="48" methods="23" coveredmethods="21"/>
        <line num="72" count="6" type="stmt"/>
        <line num="73" count="6" type="cond" truecount="3" falsecount="1"/>
        <line num="74" count="6" type="stmt"/>
        <line num="82" count="3" type="stmt"/>
        <line num="83" count="3" type="stmt"/>
        <line num="84" count="3" type="cond" truecount="2" falsecount="0"/>
        <line num="85" count="1" type="stmt"/>
        <line num="87" count="3" type="cond" truecount="1" falsecount="1"/>
        <line num="88" count="3" type="cond" truecount="2" falsecount="0"/>
        <line num="89" count="2" type="stmt"/>
        <line num="92" count="3" type="stmt"/>
        <line num="97" count="3" type="cond" truecount="2" falsecount="0"/>
        <line num="98" count="1" type="stmt"/>
        <line num="101" count="2" type="stmt"/>
        <line num="102" count="2" type="stmt"/>
        <line num="108" count="6" type="stmt"/>
        <line num="109" count="2" type="stmt"/>
        <line num="110" count="2" type="cond" truecount="2" falsecount="0"/>
        <line num="111" count="1" type="stmt"/>
        <line num="114" count="1" type="stmt"/>
        <line num="115" count="1" type="stmt"/>
        <line num="121" count="6" type="stmt"/>
        <line num="122" count="2" type="stmt"/>
        <line num="127" count="2" type="cond" truecount="2" falsecount="0"/>
        <line num="128" count="1" type="stmt"/>
        <line num="130" count="1" type="stmt"/>
        <line num="133" count="6" type="stmt"/>
        <line num="134" count="2" type="stmt"/>
        <line num="135" count="2" type="cond" truecount="2" falsecount="0"/>
        <line num="136" count="1" type="stmt"/>
        <line num="138" count="1" type="stmt"/>
        <line num="144" count="6" type="stmt"/>
        <line num="145" count="4" type="stmt"/>
        <line num="146" count="2" type="cond" truecount="2" falsecount="0"/>
        <line num="147" count="1" type="stmt"/>
        <line num="149" count="1" type="stmt"/>
        <line num="167" count="6" type="stmt"/>
        <line num="168" count="2" type="stmt"/>
        <line num="169" count="2" type="stmt"/>
        <line num="170" count="2" type="stmt"/>
        <line num="171" count="2" type="stmt"/>
        <line num="172" count="2" type="stmt"/>
        <line num="173" count="2" type="stmt"/>
        <line num="174" count="2" type="stmt"/>
        <line num="175" count="0" type="stmt"/>
        <line num="178" count="2" type="stmt"/>
        <line num="183" count="2" type="cond" truecount="2" falsecount="0"/>
        <line num="184" count="1" type="stmt"/>
        <line num="186" count="1" type="stmt"/>
        <line num="192" count="6" type="stmt"/>
        <line num="197" count="3" type="stmt"/>
        <line num="207" count="3" type="cond" truecount="2" falsecount="0"/>
        <line num="208" count="1" type="stmt"/>
        <line num="226" count="6" type="stmt"/>
        <line num="227" count="4" type="stmt"/>
        <line num="228" count="2" type="cond" truecount="2" falsecount="0"/>
        <line num="229" count="1" type="stmt"/>
        <line num="231" count="1" type="stmt"/>
        <line num="237" count="6" type="stmt"/>
        <line num="238" count="4" type="stmt"/>
        <line num="239" count="2" type="cond" truecount="2" falsecount="0"/>
        <line num="240" count="1" type="stmt"/>
        <line num="242" count="1" type="stmt"/>
        <line num="259" count="6" type="stmt"/>
        <line num="260" count="2" type="stmt"/>
        <line num="261" count="2" type="cond" truecount="2" falsecount="0"/>
        <line num="262" count="1" type="stmt"/>
        <line num="264" count="1" type="stmt"/>
        <line num="270" count="6" type="stmt"/>
        <line num="271" count="2" type="stmt"/>
        <line num="272" count="2" type="cond" truecount="2" falsecount="0"/>
        <line num="273" count="1" type="stmt"/>
        <line num="275" count="1" type="stmt"/>
        <line num="281" count="6" type="stmt"/>
        <line num="285" count="2" type="stmt"/>
        <line num="286" count="2" type="stmt"/>
        <line num="287" count="2" type="stmt"/>
        <line num="288" count="2" type="stmt"/>
        <line num="289" count="2" type="stmt"/>
        <line num="290" count="2" type="stmt"/>
        <line num="292" count="2" type="stmt"/>
        <line num="293" count="0" type="stmt"/>
        <line num="296" count="2" type="stmt"/>
        <line num="301" count="2" type="cond" truecount="2" falsecount="0"/>
        <line num="302" count="1" type="stmt"/>
        <line num="304" count="1" type="stmt"/>
        <line num="310" count="6" type="stmt"/>
        <line num="311" count="2" type="stmt"/>
        <line num="315" count="2" type="cond" truecount="2" falsecount="0"/>
        <line num="316" count="1" type="stmt"/>
        <line num="318" count="1" type="stmt"/>
        <line num="324" count="6" type="stmt"/>
        <line num="329" count="2" type="stmt"/>
        <line num="332" count="2" type="stmt"/>
        <line num="333" count="2" type="stmt"/>
        <line num="343" count="1" type="stmt"/>
        <line num="359" count="6" type="stmt"/>
        <line num="360" count="2" type="stmt"/>
        <line num="361" count="2" type="cond" truecount="2" falsecount="0"/>
        <line num="362" count="1" type="stmt"/>
        <line num="364" count="1" type="stmt"/>
        <line num="457" count="6" type="stmt"/>
        <line num="458" count="2" type="stmt"/>
        <line num="459" count="2" type="cond" truecount="2" falsecount="0"/>
        <line num="460" count="1" type="stmt"/>
        <line num="462" count="1" type="stmt"/>
        <line num="465" count="6" type="stmt"/>
        <line num="466" count="2" type="stmt"/>
        <line num="467" count="2" type="cond" truecount="2" falsecount="0"/>
        <line num="468" count="1" type="stmt"/>
        <line num="470" count="1" type="stmt"/>
        <line num="473" count="6" type="stmt"/>
        <line num="474" count="2" type="stmt"/>
        <line num="475" count="2" type="cond" truecount="2" falsecount="0"/>
        <line num="476" count="1" type="stmt"/>
        <line num="478" count="1" type="stmt"/>
        <line num="481" count="6" type="stmt"/>
        <line num="484" count="2" type="stmt"/>
        <line num="489" count="2" type="cond" truecount="2" falsecount="0"/>
        <line num="490" count="1" type="stmt"/>
        <line num="492" count="1" type="stmt"/>
        <line num="495" count="6" type="stmt"/>
        <line num="496" count="2" type="stmt"/>
        <line num="497" count="2" type="cond" truecount="2" falsecount="0"/>
        <line num="498" count="1" type="stmt"/>
        <line num="500" count="1" type="stmt"/>
        <line num="503" count="6" type="stmt"/>
        <line num="506" count="2" type="stmt"/>
        <line num="511" count="2" type="cond" truecount="2" falsecount="0"/>
        <line num="512" count="1" type="stmt"/>
        <line num="514" count="1" type="stmt"/>
      </file>
      <file name="utils.ts" path="C:\Users\Umut\Projects\smartsearch-frontend\src\lib\utils.ts">
        <metrics statements="1" coveredstatements="1" conditionals="0" coveredconditionals="0" methods="1" coveredmethods="1"/>
        <line num="5" count="7109" type="stmt"/>
      </file>
    </package>
    <package name="pages">
      <metrics statements="75" coveredstatements="75" conditionals="64" coveredconditionals="58" methods="20" coveredmethods="19"/>
      <file name="AdminPage.tsx" path="C:\Users\Umut\Projects\smartsearch-frontend\src\pages\AdminPage.tsx">
        <metrics statements="4" coveredstatements="4" conditionals="6" coveredconditionals="3" methods="4" coveredmethods="4"/>
        <line num="4" count="8" type="stmt"/>
        <line num="22" count="8" type="cond" truecount="1" falsecount="1"/>
        <line num="30" count="8" type="cond" truecount="1" falsecount="1"/>
        <line num="38" count="8" type="cond" truecount="1" falsecount="1"/>
      </file>
      <file name="HomePage.tsx" path="C:\Users\Umut\Projects\smartsearch-frontend\src\pages\HomePage.tsx">
        <metrics statements="4" coveredstatements="4" conditionals="0" coveredconditionals="0" methods="2" coveredmethods="2"/>
        <line num="5" count="9" type="stmt"/>
        <line num="7" count="9" type="stmt"/>
        <line num="8" count="1" type="stmt"/>
        <line num="11" count="9" type="stmt"/>
      </file>
      <file name="ProductPage.tsx" path="C:\Users\Umut\Projects\smartsearch-frontend\src\pages\ProductPage.tsx">
        <metrics statements="16" coveredstatements="16" conditionals="14" coveredconditionals="13" methods="4" coveredmethods="4"/>
        <line num="10" count="13" type="stmt"/>
        <line num="11" count="13" type="stmt"/>
        <line num="18" count="13" type="stmt"/>
        <line num="20" count="8" type="stmt"/>
        <line num="24" count="13" type="stmt"/>
        <line num="25" count="1" type="stmt"/>
        <line num="28" count="13" type="stmt"/>
        <line num="29" count="13" type="cond" truecount="2" falsecount="0"/>
        <line num="31" count="5" type="cond" truecount="2" falsecount="0"/>
        <line num="32" count="1" type="stmt"/>
        <line num="39" count="4" type="cond" truecount="2" falsecount="0"/>
        <line num="40" count="1" type="stmt"/>
        <line num="47" count="3" type="cond" truecount="2" falsecount="0"/>
        <line num="48" count="13" type="cond" truecount="2" falsecount="0"/>
        <line num="50" count="13" type="stmt"/>
        <line num="86" count="13" type="stmt"/>
      </file>
      <file name="SearchPage.tsx" path="C:\Users\Umut\Projects\smartsearch-frontend\src\pages\SearchPage.tsx">
        <metrics statements="51" coveredstatements="51" conditionals="44" coveredconditionals="42" methods="10" coveredmethods="9"/>
        <line num="18" count="51" type="stmt"/>
        <line num="19" count="51" type="stmt"/>
        <line num="20" count="51" type="stmt"/>
        <line num="21" count="51" type="stmt"/>
        <line num="22" count="51" type="stmt"/>
        <line num="23" count="51" type="stmt"/>
        <line num="24" count="51" type="stmt"/>
        <line num="25" count="51" type="stmt"/>
        <line num="27" count="51" type="stmt"/>
        <line num="28" count="21" type="stmt"/>
        <line num="29" count="21" type="stmt"/>
        <line num="37" count="51" type="stmt"/>
        <line num="39" count="17" type="stmt"/>
        <line num="48" count="51" type="stmt"/>
        <line num="50" count="1" type="stmt"/>
        <line num="54" count="51" type="stmt"/>
        <line num="67" count="51" type="stmt"/>
        <line num="68" count="34" type="cond" truecount="7" falsecount="0"/>
        <line num="70" count="2" type="stmt"/>
        <line num="71" count="2" type="cond" truecount="2" falsecount="0"/>
        <line num="72" count="1" type="stmt"/>
        <line num="73" count="1" type="stmt"/>
        <line num="74" count="1" type="stmt"/>
        <line num="75" count="1" type="stmt"/>
        <line num="77" count="2" type="stmt"/>
        <line num="81" count="51" type="stmt"/>
        <line num="82" count="2" type="stmt"/>
        <line num="85" count="51" type="stmt"/>
        <line num="86" count="3" type="cond" truecount="1" falsecount="1"/>
        <line num="87" count="3" type="stmt"/>
        <line num="88" count="3" type="stmt"/>
        <line num="89" count="3" type="stmt"/>
        <line num="90" count="3" type="stmt"/>
        <line num="95" count="1" type="stmt"/>
        <line num="96" count="1" type="stmt"/>
        <line num="98" count="1" type="stmt"/>
        <line num="99" count="1" type="stmt"/>
        <line num="103" count="51" type="stmt"/>
        <line num="104" count="51" type="cond" truecount="4" falsecount="0"/>
        <line num="105" count="51" type="cond" truecount="2" falsecount="0"/>
        <line num="106" count="51" type="cond" truecount="2" falsecount="0"/>
        <line num="108" count="51" type="cond" truecount="2" falsecount="0"/>
        <line num="112" count="51" type="cond" truecount="4" falsecount="0"/>
        <line num="113" count="21" type="cond" truecount="2" falsecount="0"/>
        <line num="116" count="30" type="cond" truecount="2" falsecount="0"/>
        <line num="117" count="2" type="stmt"/>
        <line num="124" count="28" type="cond" truecount="2" falsecount="0"/>
        <line num="125" count="26" type="stmt"/>
        <line num="132" count="2" type="stmt"/>
        <line num="135" count="4" type="stmt"/>
        <line num="141" count="51" type="stmt"/>
      </file>
    </package>
    <package name="pages.admin">
      <metrics statements="129" coveredstatements="124" conditionals="121" coveredconditionals="106" methods="48" coveredmethods="45"/>
      <file name="ProductListPage.tsx" path="C:\Users\Umut\Projects\smartsearch-frontend\src\pages\admin\ProductListPage.tsx">
        <metrics statements="41" coveredstatements="39" conditionals="28" coveredconditionals="26" methods="12" coveredmethods="11"/>
        <line num="10" count="3" type="stmt"/>
        <line num="13" count="37" type="stmt"/>
        <line num="14" count="37" type="stmt"/>
        <line num="15" count="37" type="stmt"/>
        <line num="16" count="37" type="stmt"/>
        <line num="18" count="37" type="stmt"/>
        <line num="20" count="37" type="stmt"/>
        <line num="24" count="37" type="cond" truecount="2" falsecount="0"/>
        <line num="26" count="37" type="stmt"/>
        <line num="29" count="1" type="stmt"/>
        <line num="30" count="1" type="stmt"/>
        <line num="33" count="1" type="stmt"/>
        <line num="38" count="37" type="stmt"/>
        <line num="39" count="33" type="cond" truecount="2" falsecount="0"/>
        <line num="41" count="4" type="stmt"/>
        <line num="42" count="4" type="stmt"/>
        <line num="43" count="31" type="stmt"/>
        <line num="44" count="31" type="stmt"/>
        <line num="45" count="31" type="cond" truecount="2" falsecount="0"/>
        <line num="46" count="31" type="cond" truecount="2" falsecount="0"/>
        <line num="48" count="31" type="cond" truecount="4" falsecount="0"/>
        <line num="53" count="37" type="stmt"/>
        <line num="54" count="37" type="stmt"/>
        <line num="55" count="36" type="stmt"/>
        <line num="56" count="36" type="stmt"/>
        <line num="60" count="37" type="cond" truecount="3" falsecount="1"/>
        <line num="61" count="0" type="stmt"/>
        <line num="64" count="37" type="stmt"/>
        <line num="65" count="4" type="stmt"/>
        <line num="66" count="4" type="stmt"/>
        <line num="69" count="37" type="stmt"/>
        <line num="70" count="1" type="stmt"/>
        <line num="71" count="1" type="stmt"/>
        <line num="74" count="37" type="stmt"/>
        <line num="75" count="1" type="stmt"/>
        <line num="76" count="1" type="stmt"/>
        <line num="80" count="2" type="cond" truecount="1" falsecount="1"/>
        <line num="81" count="2" type="stmt"/>
        <line num="85" count="37" type="stmt"/>
        <line num="137" count="80" type="stmt"/>
        <line num="154" count="0" type="stmt"/>
      </file>
      <file name="SettingsPage.tsx" path="C:\Users\Umut\Projects\smartsearch-frontend\src\pages\admin\SettingsPage.tsx">
        <metrics statements="48" coveredstatements="45" conditionals="76" coveredconditionals="63" methods="18" coveredmethods="16"/>
        <line num="17" count="1" type="stmt"/>
        <line num="25" count="54" type="stmt"/>
        <line num="27" count="54" type="stmt"/>
        <line num="28" count="54" type="stmt"/>
        <line num="29" count="54" type="stmt"/>
        <line num="30" count="54" type="stmt"/>
        <line num="32" count="54" type="stmt"/>
        <line num="33" count="54" type="stmt"/>
        <line num="39" count="54" type="stmt"/>
        <line num="48" count="54" type="stmt"/>
        <line num="57" count="54" type="stmt"/>
        <line num="66" count="54" type="stmt"/>
        <line num="73" count="54" type="cond" truecount="4" falsecount="0"/>
        <line num="79" count="54" type="cond" truecount="4" falsecount="0"/>
        <line num="85" count="54" type="cond" truecount="3" falsecount="0"/>
        <line num="90" count="54" type="cond" truecount="4" falsecount="0"/>
        <line num="95" count="54" type="stmt"/>
        <line num="98" count="1" type="stmt"/>
        <line num="102" count="1" type="stmt"/>
        <line num="103" count="1" type="stmt"/>
        <line num="106" count="1" type="stmt"/>
        <line num="113" count="54" type="stmt"/>
        <line num="116" count="1" type="stmt"/>
        <line num="122" count="0" type="stmt"/>
        <line num="129" count="54" type="cond" truecount="2" falsecount="0"/>
        <line num="131" count="54" type="stmt"/>
        <line num="133" count="38" type="cond" truecount="2" falsecount="0"/>
        <line num="140" count="54" type="stmt"/>
        <line num="142" count="38" type="cond" truecount="2" falsecount="0"/>
        <line num="149" count="54" type="stmt"/>
        <line num="151" count="38" type="cond" truecount="2" falsecount="0"/>
        <line num="159" count="54" type="stmt"/>
        <line num="162" count="54" type="stmt"/>
        <line num="163" count="39" type="cond" truecount="2" falsecount="2"/>
        <line num="164" count="0" type="stmt"/>
        <line num="168" count="54" type="stmt"/>
        <line num="170" count="54" type="cond" truecount="2" falsecount="0"/>
        <line num="171" count="54" type="cond" truecount="2" falsecount="0"/>
        <line num="173" count="54" type="stmt"/>
        <line num="174" count="3" type="stmt"/>
        <line num="176" count="3" type="stmt"/>
        <line num="184" count="54" type="stmt"/>
        <line num="185" count="1" type="stmt"/>
        <line num="187" count="1" type="stmt"/>
        <line num="192" count="54" type="stmt"/>
        <line num="273" count="0" type="cond" truecount="0" falsecount="2"/>
        <line num="295" count="1" type="stmt"/>
        <line num="405" count="62" type="stmt"/>
      </file>
      <file name="StatisticsPage.tsx" path="C:\Users\Umut\Projects\smartsearch-frontend\src\pages\admin\StatisticsPage.tsx">
        <metrics statements="40" coveredstatements="40" conditionals="17" coveredconditionals="17" methods="18" coveredmethods="18"/>
        <line num="11" count="1" type="stmt"/>
        <line num="24" count="90" type="stmt"/>
        <line num="54" count="1" type="stmt"/>
        <line num="63" count="18" type="stmt"/>
        <line num="68" count="3" type="stmt"/>
        <line num="78" count="33" type="stmt"/>
        <line num="79" count="33" type="stmt"/>
        <line num="80" count="33" type="stmt"/>
        <line num="86" count="33" type="stmt"/>
        <line num="91" count="33" type="stmt"/>
        <line num="92" count="27" type="cond" truecount="2" falsecount="0"/>
        <line num="94" count="11" type="stmt"/>
        <line num="95" count="55" type="stmt"/>
        <line num="96" count="335" type="stmt"/>
        <line num="97" count="55" type="stmt"/>
        <line num="98" count="55" type="stmt"/>
        <line num="99" count="55" type="stmt"/>
        <line num="102" count="11" type="stmt"/>
        <line num="103" count="67" type="stmt"/>
        <line num="104" count="67" type="stmt"/>
        <line num="105" count="67" type="stmt"/>
        <line num="106" count="67" type="stmt"/>
        <line num="107" count="67" type="stmt"/>
        <line num="112" count="33" type="stmt"/>
        <line num="113" count="30" type="stmt"/>
        <line num="114" count="91" type="stmt"/>
        <line num="115" count="58" type="stmt"/>
        <line num="119" count="33" type="stmt"/>
        <line num="120" count="33" type="stmt"/>
        <line num="121" count="33" type="stmt"/>
        <line num="122" count="33" type="stmt"/>
        <line num="126" count="33" type="stmt"/>
        <line num="127" count="3" type="stmt"/>
        <line num="128" count="3" type="stmt"/>
        <line num="131" count="33" type="cond" truecount="2" falsecount="0"/>
        <line num="132" count="14" type="stmt"/>
        <line num="135" count="19" type="cond" truecount="2" falsecount="0"/>
        <line num="136" count="1" type="stmt"/>
        <line num="139" count="18" type="stmt"/>
        <line num="192" count="68" type="stmt"/>
      </file>
    </package>
  </project>
</coverage>
