{"C:\\Users\\Umut\\Projects\\smartsearch-frontend\\src\\components\\CascadingSelector.tsx": {"path":"C:\\Users\\Umut\\Projects\\smartsearch-frontend\\src\\components\\CascadingSelector.tsx","statementMap":{"0":{"start":{"line":23,"column":29},"end":{"line":23,"column":null}},"1":{"start":{"line":23,"column":52},"end":{"line":23,"column":88}},"2":{"start":{"line":24,"column":32},"end":{"line":24,"column":null}},"3":{"start":{"line":24,"column":55},"end":{"line":24,"column":94}},"4":{"start":{"line":26,"column":10},"end":{"line":26,"column":null}},"5":{"start":{"line":27,"column":10},"end":{"line":27,"column":null}},"6":{"start":{"line":29,"column":4},"end":{"line":36,"column":null}},"7":{"start":{"line":30,"column":8},"end":{"line":35,"column":null}},"8":{"start":{"line":31,"column":12},"end":{"line":34,"column":null}},"9":{"start":{"line":38,"column":4},"end":{"line":45,"column":null}},"10":{"start":{"line":39,"column":8},"end":{"line":44,"column":null}},"11":{"start":{"line":40,"column":12},"end":{"line":43,"column":null}},"12":{"start":{"line":47,"column":4},"end":{"line":182,"column":null}},"13":{"start":{"line":66,"column":43},"end":{"line":66,"column":72}},"14":{"start":{"line":68,"column":32},"end":{"line":101,"column":null}},"15":{"start":{"line":83,"column":56},"end":{"line":83,"column":null}},"16":{"start":{"line":130,"column":47},"end":{"line":130,"column":100}},"17":{"start":{"line":132,"column":36},"end":{"line":159,"column":null}},"18":{"start":{"line":146,"column":60},"end":{"line":146,"column":null}}},"fnMap":{"0":{"name":"CascadingSelector","decl":{"start":{"line":15,"column":16},"end":{"line":15,"column":34}},"loc":{"start":{"line":22,"column":27},"end":{"line":184,"column":null}},"line":22},"1":{"name":"(anonymous_1)","decl":{"start":{"line":23,"column":45},"end":{"line":23,"column":46}},"loc":{"start":{"line":23,"column":52},"end":{"line":23,"column":88}},"line":23},"2":{"name":"(anonymous_2)","decl":{"start":{"line":24,"column":48},"end":{"line":24,"column":49}},"loc":{"start":{"line":24,"column":55},"end":{"line":24,"column":94}},"line":24},"3":{"name":"(anonymous_3)","decl":{"start":{"line":29,"column":14},"end":{"line":29,"column":20}},"loc":{"start":{"line":29,"column":20},"end":{"line":36,"column":7}},"line":29},"4":{"name":"(anonymous_4)","decl":{"start":{"line":38,"column":14},"end":{"line":38,"column":20}},"loc":{"start":{"line":38,"column":20},"end":{"line":45,"column":7}},"line":38},"5":{"name":"(anonymous_5)","decl":{"start":{"line":66,"column":36},"end":{"line":66,"column":37}},"loc":{"start":{"line":66,"column":43},"end":{"line":66,"column":72}},"line":66},"6":{"name":"(anonymous_6)","decl":{"start":{"line":67,"column":33},"end":{"line":67,"column":34}},"loc":{"start":{"line":68,"column":32},"end":{"line":101,"column":null}},"line":68},"7":{"name":"(anonymous_7)","decl":{"start":{"line":83,"column":50},"end":{"line":83,"column":56}},"loc":{"start":{"line":83,"column":56},"end":{"line":83,"column":null}},"line":83},"8":{"name":"(anonymous_8)","decl":{"start":{"line":130,"column":40},"end":{"line":130,"column":41}},"loc":{"start":{"line":130,"column":47},"end":{"line":130,"column":100}},"line":130},"9":{"name":"(anonymous_9)","decl":{"start":{"line":131,"column":37},"end":{"line":131,"column":38}},"loc":{"start":{"line":132,"column":36},"end":{"line":159,"column":null}},"line":132},"10":{"name":"(anonymous_10)","decl":{"start":{"line":146,"column":54},"end":{"line":146,"column":60}},"loc":{"start":{"line":146,"column":60},"end":{"line":146,"column":null}},"line":146}},"branchMap":{"0":{"loc":{"start":{"line":30,"column":8},"end":{"line":35,"column":null}},"type":"if","locations":[{"start":{"line":30,"column":8},"end":{"line":35,"column":null}},{"start":{},"end":{}}],"line":30},"1":{"loc":{"start":{"line":30,"column":12},"end":{"line":30,"column":105}},"type":"binary-expr","locations":[{"start":{"line":30,"column":12},"end":{"line":30,"column":41}},{"start":{"line":30,"column":41},"end":{"line":30,"column":105}}],"line":30},"2":{"loc":{"start":{"line":39,"column":8},"end":{"line":44,"column":null}},"type":"if","locations":[{"start":{"line":39,"column":8},"end":{"line":44,"column":null}},{"start":{},"end":{}}],"line":39},"3":{"loc":{"start":{"line":39,"column":12},"end":{"line":39,"column":111}},"type":"binary-expr","locations":[{"start":{"line":39,"column":12},"end":{"line":39,"column":44}},{"start":{"line":39,"column":44},"end":{"line":39,"column":111}}],"line":39},"4":{"loc":{"start":{"line":70,"column":41},"end":{"line":70,"column":null}},"type":"cond-expr","locations":[{"start":{"line":70,"column":87},"end":{"line":70,"column":107}},{"start":{"line":70,"column":107},"end":{"line":70,"column":null}}],"line":70},"5":{"loc":{"start":{"line":73,"column":40},"end":{"line":75,"column":null}},"type":"cond-expr","locations":[{"start":{"line":74,"column":46},"end":{"line":74,"column":null}},{"start":{"line":75,"column":46},"end":{"line":75,"column":null}}],"line":73},"6":{"loc":{"start":{"line":86,"column":37},"end":{"line":99,"column":null}},"type":"binary-expr","locations":[{"start":{"line":86,"column":37},"end":{"line":86,"column":null}},{"start":{"line":87,"column":40},"end":{"line":99,"column":null}}],"line":86},"7":{"loc":{"start":{"line":116,"column":25},"end":{"line":160,"column":null}},"type":"cond-expr","locations":[{"start":{"line":117,"column":28},"end":{"line":127,"column":null}},{"start":{"line":129,"column":28},"end":{"line":160,"column":null}}],"line":116},"8":{"loc":{"start":{"line":134,"column":45},"end":{"line":134,"column":null}},"type":"cond-expr","locations":[{"start":{"line":134,"column":89},"end":{"line":134,"column":112}},{"start":{"line":134,"column":112},"end":{"line":134,"column":null}}],"line":134},"9":{"loc":{"start":{"line":137,"column":44},"end":{"line":139,"column":null}},"type":"cond-expr","locations":[{"start":{"line":138,"column":50},"end":{"line":138,"column":null}},{"start":{"line":139,"column":50},"end":{"line":139,"column":null}}],"line":137},"10":{"loc":{"start":{"line":152,"column":48},"end":{"line":154,"column":null}},"type":"cond-expr","locations":[{"start":{"line":153,"column":54},"end":{"line":153,"column":null}},{"start":{"line":154,"column":54},"end":{"line":154,"column":null}}],"line":152},"11":{"loc":{"start":{"line":168,"column":17},"end":{"line":179,"column":null}},"type":"cond-expr","locations":[{"start":{"line":169,"column":20},"end":{"line":177,"column":null}},{"start":{"line":179,"column":20},"end":{"line":179,"column":null}}],"line":168},"12":{"loc":{"start":{"line":168,"column":17},"end":{"line":168,"column":null}},"type":"binary-expr","locations":[{"start":{"line":168,"column":17},"end":{"line":168,"column":37}},{"start":{"line":168,"column":37},"end":{"line":168,"column":null}}],"line":168}},"s":{"0":111,"1":188,"2":111,"3":270,"4":111,"5":111,"6":111,"7":56,"8":0,"9":111,"10":55,"11":0,"12":111,"13":285,"14":138,"15":1,"16":123,"17":41,"18":1},"f":{"0":111,"1":188,"2":270,"3":56,"4":55,"5":285,"6":138,"7":1,"8":123,"9":41,"10":1},"b":{"0":[0,56],"1":[56,17],"2":[0,55],"3":[55,5],"4":[24,114],"5":[24,114],"6":[138,24],"7":[87,24],"8":[12,29],"9":[12,29],"10":[12,29],"11":[12,99],"12":[111,24]},"meta":{"lastBranch":13,"lastFunction":11,"lastStatement":19,"seen":{"f:15:16:15:34":0,"s:23:29:23:Infinity":0,"f:23:45:23:46":1,"s:23:52:23:88":1,"s:24:32:24:Infinity":2,"f:24:48:24:49":2,"s:24:55:24:94":3,"s:26:10:26:Infinity":4,"s:27:10:27:Infinity":5,"s:29:4:36:Infinity":6,"f:29:14:29:20":3,"b:30:8:35:Infinity:undefined:undefined:undefined:undefined":0,"s:30:8:35:Infinity":7,"b:30:12:30:41:30:41:30:105":1,"s:31:12:34:Infinity":8,"s:38:4:45:Infinity":9,"f:38:14:38:20":4,"b:39:8:44:Infinity:undefined:undefined:undefined:undefined":2,"s:39:8:44:Infinity":10,"b:39:12:39:44:39:44:39:111":3,"s:40:12:43:Infinity":11,"s:47:4:182:Infinity":12,"f:66:36:66:37":5,"s:66:43:66:72":13,"f:67:33:67:34":6,"s:68:32:101:Infinity":14,"b:70:87:70:107:70:107:70:Infinity":4,"b:74:46:74:Infinity:75:46:75:Infinity":5,"f:83:50:83:56":7,"s:83:56:83:Infinity":15,"b:86:37:86:Infinity:87:40:99:Infinity":6,"b:117:28:127:Infinity:129:28:160:Infinity":7,"f:130:40:130:41":8,"s:130:47:130:100":16,"f:131:37:131:38":9,"s:132:36:159:Infinity":17,"b:134:89:134:112:134:112:134:Infinity":8,"b:138:50:138:Infinity:139:50:139:Infinity":9,"f:146:54:146:60":10,"s:146:60:146:Infinity":18,"b:153:54:153:Infinity:154:54:154:Infinity":10,"b:169:20:177:Infinity:179:20:179:Infinity":11,"b:168:17:168:37:168:37:168:Infinity":12}}}
,"C:\\Users\\Umut\\Projects\\smartsearch-frontend\\src\\components\\ImageCarousel.tsx": {"path":"C:\\Users\\Umut\\Projects\\smartsearch-frontend\\src\\components\\ImageCarousel.tsx","statementMap":{"0":{"start":{"line":14,"column":40},"end":{"line":14,"column":null}},"1":{"start":{"line":15,"column":36},"end":{"line":15,"column":null}},"2":{"start":{"line":16,"column":32},"end":{"line":16,"column":null}},"3":{"start":{"line":19,"column":29},"end":{"line":19,"column":null}},"4":{"start":{"line":21,"column":22},"end":{"line":21,"column":null}},"5":{"start":{"line":22,"column":25},"end":{"line":22,"column":null}},"6":{"start":{"line":24,"column":25},"end":{"line":27,"column":null}},"7":{"start":{"line":25,"column":8},"end":{"line":25,"column":null}},"8":{"start":{"line":26,"column":8},"end":{"line":26,"column":null}},"9":{"start":{"line":29,"column":24},"end":{"line":31,"column":null}},"10":{"start":{"line":30,"column":8},"end":{"line":30,"column":null}},"11":{"start":{"line":33,"column":23},"end":{"line":46,"column":null}},"12":{"start":{"line":34,"column":8},"end":{"line":34,"column":null}},"13":{"start":{"line":34,"column":38},"end":{"line":34,"column":null}},"14":{"start":{"line":36,"column":25},"end":{"line":36,"column":null}},"15":{"start":{"line":37,"column":28},"end":{"line":37,"column":null}},"16":{"start":{"line":38,"column":29},"end":{"line":38,"column":null}},"17":{"start":{"line":40,"column":8},"end":{"line":42,"column":null}},"18":{"start":{"line":41,"column":12},"end":{"line":41,"column":null}},"19":{"start":{"line":43,"column":8},"end":{"line":45,"column":null}},"20":{"start":{"line":44,"column":12},"end":{"line":44,"column":null}},"21":{"start":{"line":48,"column":22},"end":{"line":50,"column":null}},"22":{"start":{"line":49,"column":8},"end":{"line":49,"column":null}},"23":{"start":{"line":49,"column":35},"end":{"line":49,"column":77}},"24":{"start":{"line":52,"column":22},"end":{"line":54,"column":null}},"25":{"start":{"line":53,"column":8},"end":{"line":53,"column":null}},"26":{"start":{"line":53,"column":35},"end":{"line":53,"column":77}},"27":{"start":{"line":56,"column":23},"end":{"line":60,"column":null}},"28":{"start":{"line":57,"column":8},"end":{"line":57,"column":null}},"29":{"start":{"line":58,"column":8},"end":{"line":58,"column":null}},"30":{"start":{"line":59,"column":8},"end":{"line":59,"column":null}},"31":{"start":{"line":62,"column":23},"end":{"line":66,"column":null}},"32":{"start":{"line":63,"column":8},"end":{"line":63,"column":null}},"33":{"start":{"line":64,"column":8},"end":{"line":64,"column":null}},"34":{"start":{"line":65,"column":8},"end":{"line":65,"column":null}},"35":{"start":{"line":68,"column":4},"end":{"line":88,"column":null}},"36":{"start":{"line":69,"column":8},"end":{"line":86,"column":null}},"37":{"start":{"line":91,"column":8},"end":{"line":96,"column":null}},"38":{"start":{"line":99,"column":4},"end":{"line":163,"column":null}},"39":{"start":{"line":150,"column":28},"end":{"line":158,"column":null}}},"fnMap":{"0":{"name":"ImageCarousel","decl":{"start":{"line":13,"column":16},"end":{"line":13,"column":30}},"loc":{"start":{"line":13,"column":88},"end":{"line":165,"column":null}},"line":13},"1":{"name":"(anonymous_1)","decl":{"start":{"line":24,"column":25},"end":{"line":24,"column":26}},"loc":{"start":{"line":24,"column":44},"end":{"line":27,"column":null}},"line":24},"2":{"name":"(anonymous_2)","decl":{"start":{"line":29,"column":24},"end":{"line":29,"column":25}},"loc":{"start":{"line":29,"column":43},"end":{"line":31,"column":null}},"line":29},"3":{"name":"(anonymous_3)","decl":{"start":{"line":33,"column":23},"end":{"line":33,"column":29}},"loc":{"start":{"line":33,"column":29},"end":{"line":46,"column":null}},"line":33},"4":{"name":"(anonymous_4)","decl":{"start":{"line":48,"column":22},"end":{"line":48,"column":28}},"loc":{"start":{"line":48,"column":28},"end":{"line":50,"column":null}},"line":48},"5":{"name":"(anonymous_5)","decl":{"start":{"line":49,"column":24},"end":{"line":49,"column":25}},"loc":{"start":{"line":49,"column":35},"end":{"line":49,"column":77}},"line":49},"6":{"name":"(anonymous_6)","decl":{"start":{"line":52,"column":22},"end":{"line":52,"column":28}},"loc":{"start":{"line":52,"column":28},"end":{"line":54,"column":null}},"line":52},"7":{"name":"(anonymous_7)","decl":{"start":{"line":53,"column":24},"end":{"line":53,"column":25}},"loc":{"start":{"line":53,"column":35},"end":{"line":53,"column":77}},"line":53},"8":{"name":"(anonymous_8)","decl":{"start":{"line":56,"column":23},"end":{"line":56,"column":24}},"loc":{"start":{"line":56,"column":42},"end":{"line":60,"column":null}},"line":56},"9":{"name":"(anonymous_9)","decl":{"start":{"line":62,"column":23},"end":{"line":62,"column":24}},"loc":{"start":{"line":62,"column":42},"end":{"line":66,"column":null}},"line":62},"10":{"name":"(anonymous_10)","decl":{"start":{"line":149,"column":36},"end":{"line":149,"column":37}},"loc":{"start":{"line":150,"column":28},"end":{"line":158,"column":null}},"line":150}},"branchMap":{"0":{"loc":{"start":{"line":13,"column":32},"end":{"line":13,"column":45}},"type":"default-arg","locations":[{"start":{"line":13,"column":41},"end":{"line":13,"column":45}}],"line":13},"1":{"loc":{"start":{"line":34,"column":8},"end":{"line":34,"column":null}},"type":"if","locations":[{"start":{"line":34,"column":8},"end":{"line":34,"column":null}},{"start":{},"end":{}}],"line":34},"2":{"loc":{"start":{"line":34,"column":12},"end":{"line":34,"column":38}},"type":"binary-expr","locations":[{"start":{"line":34,"column":12},"end":{"line":34,"column":27}},{"start":{"line":34,"column":27},"end":{"line":34,"column":38}}],"line":34},"3":{"loc":{"start":{"line":40,"column":8},"end":{"line":42,"column":null}},"type":"if","locations":[{"start":{"line":40,"column":8},"end":{"line":42,"column":null}},{"start":{},"end":{}}],"line":40},"4":{"loc":{"start":{"line":43,"column":8},"end":{"line":45,"column":null}},"type":"if","locations":[{"start":{"line":43,"column":8},"end":{"line":45,"column":null}},{"start":{},"end":{}}],"line":43},"5":{"loc":{"start":{"line":49,"column":35},"end":{"line":49,"column":77}},"type":"cond-expr","locations":[{"start":{"line":49,"column":48},"end":{"line":49,"column":68}},{"start":{"line":49,"column":68},"end":{"line":49,"column":77}}],"line":49},"6":{"loc":{"start":{"line":53,"column":35},"end":{"line":53,"column":77}},"type":"cond-expr","locations":[{"start":{"line":53,"column":64},"end":{"line":53,"column":68}},{"start":{"line":53,"column":68},"end":{"line":53,"column":77}}],"line":53},"7":{"loc":{"start":{"line":68,"column":4},"end":{"line":88,"column":null}},"type":"if","locations":[{"start":{"line":68,"column":4},"end":{"line":88,"column":null}},{"start":{},"end":{}}],"line":68},"8":{"loc":{"start":{"line":102,"column":26},"end":{"line":102,"column":null}},"type":"cond-expr","locations":[{"start":{"line":102,"column":41},"end":{"line":102,"column":56}},{"start":{"line":102,"column":56},"end":{"line":102,"column":null}}],"line":102},"9":{"loc":{"start":{"line":103,"column":25},"end":{"line":103,"column":null}},"type":"cond-expr","locations":[{"start":{"line":103,"column":40},"end":{"line":103,"column":54}},{"start":{"line":103,"column":54},"end":{"line":103,"column":null}}],"line":103},"10":{"loc":{"start":{"line":104,"column":24},"end":{"line":104,"column":null}},"type":"cond-expr","locations":[{"start":{"line":104,"column":39},"end":{"line":104,"column":52}},{"start":{"line":104,"column":52},"end":{"line":104,"column":null}}],"line":104},"11":{"loc":{"start":{"line":106,"column":13},"end":{"line":111,"column":null}},"type":"cond-expr","locations":[{"start":{"line":107,"column":16},"end":{"line":109,"column":null}},{"start":{"line":111,"column":16},"end":{"line":111,"column":null}}],"line":106},"12":{"loc":{"start":{"line":114,"column":13},"end":{"line":161,"column":null}},"type":"binary-expr","locations":[{"start":{"line":114,"column":13},"end":{"line":114,"column":null}},{"start":{"line":115,"column":16},"end":{"line":161,"column":null}}],"line":114},"13":{"loc":{"start":{"line":154,"column":36},"end":{"line":156,"column":null}},"type":"cond-expr","locations":[{"start":{"line":155,"column":42},"end":{"line":155,"column":null}},{"start":{"line":156,"column":42},"end":{"line":156,"column":null}}],"line":154}},"s":{"0":73,"1":73,"2":73,"3":73,"4":73,"5":73,"6":73,"7":3,"8":3,"9":73,"10":3,"11":73,"12":3,"13":0,"14":3,"15":3,"16":3,"17":3,"18":1,"19":3,"20":1,"21":73,"22":3,"23":3,"24":73,"25":9,"26":9,"27":73,"28":2,"29":2,"30":2,"31":73,"32":8,"33":8,"34":8,"35":73,"36":1,"37":72,"38":72,"39":176},"f":{"0":73,"1":3,"2":3,"3":3,"4":3,"5":3,"6":9,"7":9,"8":2,"9":8,"10":176},"b":{"0":[73],"1":[0,3],"2":[3,3],"3":[1,2],"4":[1,2],"5":[2,1],"6":[1,8],"7":[1,72],"8":[70,2],"9":[70,2],"10":[70,2],"11":[35,37],"12":[73,70],"13":[70,106]},"meta":{"lastBranch":14,"lastFunction":11,"lastStatement":40,"seen":{"f:13:16:13:30":0,"b:13:41:13:45":0,"s:14:40:14:Infinity":0,"s:15:36:15:Infinity":1,"s:16:32:16:Infinity":2,"s:19:29:19:Infinity":3,"s:21:22:21:Infinity":4,"s:22:25:22:Infinity":5,"s:24:25:27:Infinity":6,"f:24:25:24:26":1,"s:25:8:25:Infinity":7,"s:26:8:26:Infinity":8,"s:29:24:31:Infinity":9,"f:29:24:29:25":2,"s:30:8:30:Infinity":10,"s:33:23:46:Infinity":11,"f:33:23:33:29":3,"b:34:8:34:Infinity:undefined:undefined:undefined:undefined":1,"s:34:8:34:Infinity":12,"b:34:12:34:27:34:27:34:38":2,"s:34:38:34:Infinity":13,"s:36:25:36:Infinity":14,"s:37:28:37:Infinity":15,"s:38:29:38:Infinity":16,"b:40:8:42:Infinity:undefined:undefined:undefined:undefined":3,"s:40:8:42:Infinity":17,"s:41:12:41:Infinity":18,"b:43:8:45:Infinity:undefined:undefined:undefined:undefined":4,"s:43:8:45:Infinity":19,"s:44:12:44:Infinity":20,"s:48:22:50:Infinity":21,"f:48:22:48:28":4,"s:49:8:49:Infinity":22,"f:49:24:49:25":5,"s:49:35:49:77":23,"b:49:48:49:68:49:68:49:77":5,"s:52:22:54:Infinity":24,"f:52:22:52:28":6,"s:53:8:53:Infinity":25,"f:53:24:53:25":7,"s:53:35:53:77":26,"b:53:64:53:68:53:68:53:77":6,"s:56:23:60:Infinity":27,"f:56:23:56:24":8,"s:57:8:57:Infinity":28,"s:58:8:58:Infinity":29,"s:59:8:59:Infinity":30,"s:62:23:66:Infinity":31,"f:62:23:62:24":9,"s:63:8:63:Infinity":32,"s:64:8:64:Infinity":33,"s:65:8:65:Infinity":34,"b:68:4:88:Infinity:undefined:undefined:undefined:undefined":7,"s:68:4:88:Infinity":35,"s:69:8:86:Infinity":36,"s:91:8:96:Infinity":37,"s:99:4:163:Infinity":38,"b:102:41:102:56:102:56:102:Infinity":8,"b:103:40:103:54:103:54:103:Infinity":9,"b:104:39:104:52:104:52:104:Infinity":10,"b:107:16:109:Infinity:111:16:111:Infinity":11,"b:114:13:114:Infinity:115:16:161:Infinity":12,"f:149:36:149:37":10,"s:150:28:158:Infinity":39,"b:155:42:155:Infinity:156:42:156:Infinity":13}}}
,"C:\\Users\\Umut\\Projects\\smartsearch-frontend\\src\\components\\LoadingWave.tsx": {"path":"C:\\Users\\Umut\\Projects\\smartsearch-frontend\\src\\components\\LoadingWave.tsx","statementMap":{"0":{"start":{"line":5,"column":21},"end":{"line":5,"column":null}},"1":{"start":{"line":6,"column":17},"end":{"line":6,"column":null}},"2":{"start":{"line":8,"column":20},"end":{"line":59,"column":null}},"3":{"start":{"line":9,"column":4},"end":{"line":57,"column":null}}},"fnMap":{"0":{"name":"(anonymous_0)","decl":{"start":{"line":8,"column":20},"end":{"line":8,"column":21}},"loc":{"start":{"line":8,"column":75},"end":{"line":59,"column":null}},"line":8}},"branchMap":{"0":{"loc":{"start":{"line":8,"column":23},"end":{"line":8,"column":51}},"type":"default-arg","locations":[{"start":{"line":8,"column":33},"end":{"line":8,"column":51}}],"line":8}},"s":{"0":4,"1":4,"2":4,"3":5},"f":{"0":5},"b":{"0":[5]},"meta":{"lastBranch":1,"lastFunction":1,"lastStatement":4,"seen":{"s:5:21:5:Infinity":0,"s:6:17:6:Infinity":1,"s:8:20:59:Infinity":2,"f:8:20:8:21":0,"b:8:33:8:51":0,"s:9:4:57:Infinity":3}}}
,"C:\\Users\\Umut\\Projects\\smartsearch-frontend\\src\\components\\MediaGallery.tsx": {"path":"C:\\Users\\Umut\\Projects\\smartsearch-frontend\\src\\components\\MediaGallery.tsx","statementMap":{"0":{"start":{"line":18,"column":10},"end":{"line":18,"column":null}},"1":{"start":{"line":19,"column":36},"end":{"line":19,"column":null}},"2":{"start":{"line":21,"column":25},"end":{"line":39,"column":null}},"3":{"start":{"line":22,"column":8},"end":{"line":22,"column":null}},"4":{"start":{"line":22,"column":42},"end":{"line":22,"column":null}},"5":{"start":{"line":24,"column":43},"end":{"line":24,"column":null}},"6":{"start":{"line":26,"column":8},"end":{"line":34,"column":null}},"7":{"start":{"line":27,"column":12},"end":{"line":33,"column":null}},"8":{"start":{"line":28,"column":16},"end":{"line":32,"column":null}},"9":{"start":{"line":36,"column":8},"end":{"line":38,"column":null}},"10":{"start":{"line":37,"column":12},"end":{"line":37,"column":null}},"11":{"start":{"line":42,"column":29},"end":{"line":45,"column":null}},"12":{"start":{"line":43,"column":8},"end":{"line":43,"column":null}},"13":{"start":{"line":44,"column":8},"end":{"line":44,"column":null}},"14":{"start":{"line":44,"column":34},"end":{"line":44,"column":null}},"15":{"start":{"line":48,"column":27},"end":{"line":66,"column":null}},"16":{"start":{"line":49,"column":26},"end":{"line":49,"column":null}},"17":{"start":{"line":50,"column":8},"end":{"line":60,"column":null}},"18":{"start":{"line":51,"column":12},"end":{"line":57,"column":null}},"19":{"start":{"line":51,"column":25},"end":{"line":51,"column":28}},"20":{"start":{"line":52,"column":29},"end":{"line":52,"column":null}},"21":{"start":{"line":53,"column":16},"end":{"line":56,"column":null}},"22":{"start":{"line":54,"column":20},"end":{"line":54,"column":null}},"23":{"start":{"line":55,"column":20},"end":{"line":55,"column":null}},"24":{"start":{"line":59,"column":12},"end":{"line":59,"column":null}},"25":{"start":{"line":62,"column":8},"end":{"line":65,"column":null}},"26":{"start":{"line":63,"column":12},"end":{"line":63,"column":null}},"27":{"start":{"line":64,"column":12},"end":{"line":64,"column":null}},"28":{"start":{"line":68,"column":28},"end":{"line":71,"column":null}},"29":{"start":{"line":69,"column":8},"end":{"line":69,"column":null}},"30":{"start":{"line":70,"column":8},"end":{"line":70,"column":null}},"31":{"start":{"line":73,"column":23},"end":{"line":79,"column":null}},"32":{"start":{"line":74,"column":8},"end":{"line":74,"column":null}},"33":{"start":{"line":75,"column":8},"end":{"line":77,"column":null}},"34":{"start":{"line":76,"column":12},"end":{"line":76,"column":null}},"35":{"start":{"line":78,"column":8},"end":{"line":78,"column":null}},"36":{"start":{"line":82,"column":24},"end":{"line":105,"column":null}},"37":{"start":{"line":83,"column":22},"end":{"line":83,"column":null}},"38":{"start":{"line":84,"column":8},"end":{"line":84,"column":null}},"39":{"start":{"line":84,"column":20},"end":{"line":84,"column":null}},"40":{"start":{"line":86,"column":30},"end":{"line":86,"column":null}},"41":{"start":{"line":88,"column":8},"end":{"line":94,"column":null}},"42":{"start":{"line":88,"column":21},"end":{"line":88,"column":24}},"43":{"start":{"line":89,"column":25},"end":{"line":89,"column":null}},"44":{"start":{"line":90,"column":12},"end":{"line":93,"column":null}},"45":{"start":{"line":91,"column":29},"end":{"line":91,"column":null}},"46":{"start":{"line":92,"column":16},"end":{"line":92,"column":null}},"47":{"start":{"line":92,"column":26},"end":{"line":92,"column":null}},"48":{"start":{"line":96,"column":8},"end":{"line":104,"column":null}},"49":{"start":{"line":97,"column":12},"end":{"line":97,"column":null}},"50":{"start":{"line":98,"column":47},"end":{"line":102,"column":null}},"51":{"start":{"line":98,"column":68},"end":{"line":102,"column":14}},"52":{"start":{"line":103,"column":12},"end":{"line":103,"column":null}},"53":{"start":{"line":108,"column":24},"end":{"line":112,"column":null}},"54":{"start":{"line":109,"column":30},"end":{"line":109,"column":null}},"55":{"start":{"line":109,"column":51},"end":{"line":109,"column":64}},"56":{"start":{"line":110,"column":8},"end":{"line":110,"column":null}},"57":{"start":{"line":110,"column":27},"end":{"line":110,"column":null}},"58":{"start":{"line":111,"column":8},"end":{"line":111,"column":null}},"59":{"start":{"line":111,"column":46},"end":{"line":111,"column":59}},"60":{"start":{"line":114,"column":4},"end":{"line":273,"column":null}},"61":{"start":{"line":140,"column":43},"end":{"line":140,"column":null}},"62":{"start":{"line":142,"column":32},"end":{"line":144,"column":null}},"63":{"start":{"line":143,"column":36},"end":{"line":143,"column":null}},"64":{"start":{"line":190,"column":32},"end":{"line":220,"column":null}},"65":{"start":{"line":200,"column":44},"end":{"line":200,"column":null}},"66":{"start":{"line":201,"column":44},"end":{"line":201,"column":null}},"67":{"start":{"line":231,"column":47},"end":{"line":231,"column":null}},"68":{"start":{"line":233,"column":36},"end":{"line":235,"column":null}},"69":{"start":{"line":234,"column":40},"end":{"line":234,"column":null}}},"fnMap":{"0":{"name":"MediaGallery","decl":{"start":{"line":17,"column":16},"end":{"line":17,"column":29}},"loc":{"start":{"line":17,"column":76},"end":{"line":275,"column":null}},"line":17},"1":{"name":"(anonymous_1)","decl":{"start":{"line":21,"column":25},"end":{"line":21,"column":26}},"loc":{"start":{"line":21,"column":65},"end":{"line":39,"column":null}},"line":21},"2":{"name":"(anonymous_2)","decl":{"start":{"line":26,"column":34},"end":{"line":26,"column":35}},"loc":{"start":{"line":26,"column":44},"end":{"line":34,"column":9}},"line":26},"3":{"name":"(anonymous_3)","decl":{"start":{"line":42,"column":29},"end":{"line":42,"column":30}},"loc":{"start":{"line":42,"column":71},"end":{"line":45,"column":null}},"line":42},"4":{"name":"(anonymous_4)","decl":{"start":{"line":48,"column":27},"end":{"line":48,"column":28}},"loc":{"start":{"line":48,"column":62},"end":{"line":66,"column":null}},"line":48},"5":{"name":"(anonymous_5)","decl":{"start":{"line":68,"column":28},"end":{"line":68,"column":29}},"loc":{"start":{"line":68,"column":63},"end":{"line":71,"column":null}},"line":68},"6":{"name":"(anonymous_6)","decl":{"start":{"line":73,"column":23},"end":{"line":73,"column":24}},"loc":{"start":{"line":73,"column":58},"end":{"line":79,"column":null}},"line":73},"7":{"name":"(anonymous_7)","decl":{"start":{"line":82,"column":24},"end":{"line":82,"column":25}},"loc":{"start":{"line":82,"column":67},"end":{"line":105,"column":null}},"line":82},"8":{"name":"(anonymous_8)","decl":{"start":{"line":98,"column":57},"end":{"line":98,"column":58}},"loc":{"start":{"line":98,"column":68},"end":{"line":102,"column":14}},"line":98},"9":{"name":"(anonymous_9)","decl":{"start":{"line":108,"column":24},"end":{"line":108,"column":25}},"loc":{"start":{"line":108,"column":40},"end":{"line":112,"column":null}},"line":108},"10":{"name":"(anonymous_10)","decl":{"start":{"line":109,"column":42},"end":{"line":109,"column":43}},"loc":{"start":{"line":109,"column":51},"end":{"line":109,"column":64}},"line":109},"11":{"name":"(anonymous_11)","decl":{"start":{"line":111,"column":37},"end":{"line":111,"column":38}},"loc":{"start":{"line":111,"column":46},"end":{"line":111,"column":59}},"line":111},"12":{"name":"(anonymous_12)","decl":{"start":{"line":140,"column":37},"end":{"line":140,"column":43}},"loc":{"start":{"line":140,"column":43},"end":{"line":140,"column":null}},"line":140},"13":{"name":"(anonymous_13)","decl":{"start":{"line":141,"column":39},"end":{"line":141,"column":40}},"loc":{"start":{"line":141,"column":46},"end":{"line":145,"column":null}},"line":141},"14":{"name":"(anonymous_14)","decl":{"start":{"line":189,"column":40},"end":{"line":189,"column":41}},"loc":{"start":{"line":190,"column":32},"end":{"line":220,"column":null}},"line":190},"15":{"name":"(anonymous_15)","decl":{"start":{"line":199,"column":49},"end":{"line":199,"column":50}},"loc":{"start":{"line":199,"column":56},"end":{"line":202,"column":null}},"line":199},"16":{"name":"(anonymous_16)","decl":{"start":{"line":231,"column":41},"end":{"line":231,"column":47}},"loc":{"start":{"line":231,"column":47},"end":{"line":231,"column":null}},"line":231},"17":{"name":"(anonymous_17)","decl":{"start":{"line":232,"column":43},"end":{"line":232,"column":44}},"loc":{"start":{"line":232,"column":50},"end":{"line":236,"column":null}},"line":232}},"branchMap":{"0":{"loc":{"start":{"line":22,"column":8},"end":{"line":22,"column":null}},"type":"if","locations":[{"start":{"line":22,"column":8},"end":{"line":22,"column":null}},{"start":{},"end":{}}],"line":22},"1":{"loc":{"start":{"line":22,"column":12},"end":{"line":22,"column":42}},"type":"binary-expr","locations":[{"start":{"line":22,"column":12},"end":{"line":22,"column":22}},{"start":{"line":22,"column":22},"end":{"line":22,"column":42}}],"line":22},"2":{"loc":{"start":{"line":27,"column":12},"end":{"line":33,"column":null}},"type":"if","locations":[{"start":{"line":27,"column":12},"end":{"line":33,"column":null}},{"start":{},"end":{}}],"line":27},"3":{"loc":{"start":{"line":36,"column":8},"end":{"line":38,"column":null}},"type":"if","locations":[{"start":{"line":36,"column":8},"end":{"line":38,"column":null}},{"start":{},"end":{}}],"line":36},"4":{"loc":{"start":{"line":44,"column":8},"end":{"line":44,"column":null}},"type":"if","locations":[{"start":{"line":44,"column":8},"end":{"line":44,"column":null}},{"start":{},"end":{}}],"line":44},"5":{"loc":{"start":{"line":50,"column":8},"end":{"line":60,"column":null}},"type":"if","locations":[{"start":{"line":50,"column":8},"end":{"line":60,"column":null}},{"start":{"line":58,"column":15},"end":{"line":60,"column":null}}],"line":50},"6":{"loc":{"start":{"line":50,"column":12},"end":{"line":50,"column":77}},"type":"binary-expr","locations":[{"start":{"line":50,"column":12},"end":{"line":50,"column":40}},{"start":{"line":50,"column":40},"end":{"line":50,"column":77}}],"line":50},"7":{"loc":{"start":{"line":53,"column":16},"end":{"line":56,"column":null}},"type":"if","locations":[{"start":{"line":53,"column":16},"end":{"line":56,"column":null}},{"start":{},"end":{}}],"line":53},"8":{"loc":{"start":{"line":53,"column":20},"end":{"line":53,"column":76}},"type":"binary-expr","locations":[{"start":{"line":53,"column":20},"end":{"line":53,"column":44}},{"start":{"line":53,"column":44},"end":{"line":53,"column":76}}],"line":53},"9":{"loc":{"start":{"line":62,"column":8},"end":{"line":65,"column":null}},"type":"if","locations":[{"start":{"line":62,"column":8},"end":{"line":65,"column":null}},{"start":{},"end":{}}],"line":62},"10":{"loc":{"start":{"line":75,"column":8},"end":{"line":77,"column":null}},"type":"if","locations":[{"start":{"line":75,"column":8},"end":{"line":77,"column":null}},{"start":{},"end":{}}],"line":75},"11":{"loc":{"start":{"line":84,"column":8},"end":{"line":84,"column":null}},"type":"if","locations":[{"start":{"line":84,"column":8},"end":{"line":84,"column":null}},{"start":{},"end":{}}],"line":84},"12":{"loc":{"start":{"line":90,"column":12},"end":{"line":93,"column":null}},"type":"if","locations":[{"start":{"line":90,"column":12},"end":{"line":93,"column":null}},{"start":{},"end":{}}],"line":90},"13":{"loc":{"start":{"line":90,"column":16},"end":{"line":90,"column":72}},"type":"binary-expr","locations":[{"start":{"line":90,"column":16},"end":{"line":90,"column":40}},{"start":{"line":90,"column":40},"end":{"line":90,"column":72}}],"line":90},"14":{"loc":{"start":{"line":92,"column":16},"end":{"line":92,"column":null}},"type":"if","locations":[{"start":{"line":92,"column":16},"end":{"line":92,"column":null}},{"start":{},"end":{}}],"line":92},"15":{"loc":{"start":{"line":96,"column":8},"end":{"line":104,"column":null}},"type":"if","locations":[{"start":{"line":96,"column":8},"end":{"line":104,"column":null}},{"start":{},"end":{}}],"line":96},"16":{"loc":{"start":{"line":110,"column":8},"end":{"line":110,"column":null}},"type":"if","locations":[{"start":{"line":110,"column":8},"end":{"line":110,"column":null}},{"start":{},"end":{}}],"line":110},"17":{"loc":{"start":{"line":131,"column":21},"end":{"line":269,"column":null}},"type":"cond-expr","locations":[{"start":{"line":133,"column":24},"end":{"line":184,"column":null}},{"start":{"line":187,"column":24},"end":{"line":269,"column":null}}],"line":131},"18":{"loc":{"start":{"line":142,"column":32},"end":{"line":144,"column":null}},"type":"if","locations":[{"start":{"line":142,"column":32},"end":{"line":144,"column":null}},{"start":{},"end":{}}],"line":142},"19":{"loc":{"start":{"line":142,"column":36},"end":{"line":142,"column":72}},"type":"binary-expr","locations":[{"start":{"line":142,"column":36},"end":{"line":142,"column":57}},{"start":{"line":142,"column":57},"end":{"line":142,"column":72}}],"line":142},"20":{"loc":{"start":{"line":148,"column":32},"end":{"line":150,"column":null}},"type":"cond-expr","locations":[{"start":{"line":149,"column":38},"end":{"line":149,"column":null}},{"start":{"line":150,"column":38},"end":{"line":150,"column":null}}],"line":148},"21":{"loc":{"start":{"line":157,"column":36},"end":{"line":157,"column":null}},"type":"cond-expr","locations":[{"start":{"line":157,"column":49},"end":{"line":157,"column":65}},{"start":{"line":157,"column":65},"end":{"line":157,"column":null}}],"line":157},"22":{"loc":{"start":{"line":215,"column":37},"end":{"line":218,"column":null}},"type":"binary-expr","locations":[{"start":{"line":215,"column":37},"end":{"line":215,"column":null}},{"start":{"line":216,"column":40},"end":{"line":218,"column":null}}],"line":215},"23":{"loc":{"start":{"line":233,"column":36},"end":{"line":235,"column":null}},"type":"if","locations":[{"start":{"line":233,"column":36},"end":{"line":235,"column":null}},{"start":{},"end":{}}],"line":233},"24":{"loc":{"start":{"line":233,"column":40},"end":{"line":233,"column":76}},"type":"binary-expr","locations":[{"start":{"line":233,"column":40},"end":{"line":233,"column":61}},{"start":{"line":233,"column":61},"end":{"line":233,"column":76}}],"line":233},"25":{"loc":{"start":{"line":239,"column":36},"end":{"line":241,"column":null}},"type":"cond-expr","locations":[{"start":{"line":240,"column":42},"end":{"line":240,"column":null}},{"start":{"line":241,"column":42},"end":{"line":241,"column":null}}],"line":239},"26":{"loc":{"start":{"line":247,"column":40},"end":{"line":247,"column":null}},"type":"cond-expr","locations":[{"start":{"line":247,"column":53},"end":{"line":247,"column":74}},{"start":{"line":247,"column":74},"end":{"line":247,"column":null}}],"line":247},"27":{"loc":{"start":{"line":263,"column":40},"end":{"line":263,"column":null}},"type":"cond-expr","locations":[{"start":{"line":263,"column":53},"end":{"line":263,"column":74}},{"start":{"line":263,"column":74},"end":{"line":263,"column":null}}],"line":263}},"s":{"0":117,"1":117,"2":117,"3":6,"4":0,"5":6,"6":6,"7":7,"8":5,"9":6,"10":4,"11":117,"12":4,"13":4,"14":4,"15":117,"16":6,"17":6,"18":6,"19":6,"20":6,"21":6,"22":5,"23":5,"24":0,"25":6,"26":5,"27":5,"28":117,"29":1,"30":1,"31":117,"32":2,"33":2,"34":2,"35":2,"36":117,"37":2,"38":2,"39":0,"40":2,"41":2,"42":2,"43":2,"44":2,"45":1,"46":1,"47":1,"48":2,"49":1,"50":1,"51":1,"52":1,"53":117,"54":3,"55":4,"56":3,"57":3,"58":3,"59":4,"60":117,"61":1,"62":2,"63":2,"64":15,"65":3,"66":3,"67":0,"68":0,"69":0},"f":{"0":117,"1":6,"2":7,"3":4,"4":6,"5":1,"6":2,"7":2,"8":1,"9":3,"10":4,"11":4,"12":1,"13":2,"14":15,"15":3,"16":0,"17":0},"b":{"0":[0,6],"1":[6,6],"2":[5,2],"3":[4,2],"4":[4,0],"5":[6,0],"6":[6,6],"7":[5,1],"8":[6,6],"9":[5,1],"10":[2,0],"11":[0,2],"12":[1,1],"13":[2,1],"14":[1,0],"15":[1,1],"16":[3,0],"17":[109,8],"18":[2,0],"19":[2,1],"20":[5,104],"21":[5,104],"22":[15,8],"23":[0,0],"24":[0,0],"25":[0,8],"26":[0,8],"27":[0,8]},"meta":{"lastBranch":28,"lastFunction":18,"lastStatement":70,"seen":{"f:17:16:17:29":0,"s:18:10:18:Infinity":0,"s:19:36:19:Infinity":1,"s:21:25:39:Infinity":2,"f:21:25:21:26":1,"b:22:8:22:Infinity:undefined:undefined:undefined:undefined":0,"s:22:8:22:Infinity":3,"b:22:12:22:22:22:22:22:42":1,"s:22:42:22:Infinity":4,"s:24:43:24:Infinity":5,"s:26:8:34:Infinity":6,"f:26:34:26:35":2,"b:27:12:33:Infinity:undefined:undefined:undefined:undefined":2,"s:27:12:33:Infinity":7,"s:28:16:32:Infinity":8,"b:36:8:38:Infinity:undefined:undefined:undefined:undefined":3,"s:36:8:38:Infinity":9,"s:37:12:37:Infinity":10,"s:42:29:45:Infinity":11,"f:42:29:42:30":3,"s:43:8:43:Infinity":12,"b:44:8:44:Infinity:undefined:undefined:undefined:undefined":4,"s:44:8:44:Infinity":13,"s:44:34:44:Infinity":14,"s:48:27:66:Infinity":15,"f:48:27:48:28":4,"s:49:26:49:Infinity":16,"b:50:8:60:Infinity:58:15:60:Infinity":5,"s:50:8:60:Infinity":17,"b:50:12:50:40:50:40:50:77":6,"s:51:12:57:Infinity":18,"s:51:25:51:28":19,"s:52:29:52:Infinity":20,"b:53:16:56:Infinity:undefined:undefined:undefined:undefined":7,"s:53:16:56:Infinity":21,"b:53:20:53:44:53:44:53:76":8,"s:54:20:54:Infinity":22,"s:55:20:55:Infinity":23,"s:59:12:59:Infinity":24,"b:62:8:65:Infinity:undefined:undefined:undefined:undefined":9,"s:62:8:65:Infinity":25,"s:63:12:63:Infinity":26,"s:64:12:64:Infinity":27,"s:68:28:71:Infinity":28,"f:68:28:68:29":5,"s:69:8:69:Infinity":29,"s:70:8:70:Infinity":30,"s:73:23:79:Infinity":31,"f:73:23:73:24":6,"s:74:8:74:Infinity":32,"b:75:8:77:Infinity:undefined:undefined:undefined:undefined":10,"s:75:8:77:Infinity":33,"s:76:12:76:Infinity":34,"s:78:8:78:Infinity":35,"s:82:24:105:Infinity":36,"f:82:24:82:25":7,"s:83:22:83:Infinity":37,"b:84:8:84:Infinity:undefined:undefined:undefined:undefined":11,"s:84:8:84:Infinity":38,"s:84:20:84:Infinity":39,"s:86:30:86:Infinity":40,"s:88:8:94:Infinity":41,"s:88:21:88:24":42,"s:89:25:89:Infinity":43,"b:90:12:93:Infinity:undefined:undefined:undefined:undefined":12,"s:90:12:93:Infinity":44,"b:90:16:90:40:90:40:90:72":13,"s:91:29:91:Infinity":45,"b:92:16:92:Infinity:undefined:undefined:undefined:undefined":14,"s:92:16:92:Infinity":46,"s:92:26:92:Infinity":47,"b:96:8:104:Infinity:undefined:undefined:undefined:undefined":15,"s:96:8:104:Infinity":48,"s:97:12:97:Infinity":49,"s:98:47:102:Infinity":50,"f:98:57:98:58":8,"s:98:68:102:14":51,"s:103:12:103:Infinity":52,"s:108:24:112:Infinity":53,"f:108:24:108:25":9,"s:109:30:109:Infinity":54,"f:109:42:109:43":10,"s:109:51:109:64":55,"b:110:8:110:Infinity:undefined:undefined:undefined:undefined":16,"s:110:8:110:Infinity":56,"s:110:27:110:Infinity":57,"s:111:8:111:Infinity":58,"f:111:37:111:38":11,"s:111:46:111:59":59,"s:114:4:273:Infinity":60,"b:133:24:184:Infinity:187:24:269:Infinity":17,"f:140:37:140:43":12,"s:140:43:140:Infinity":61,"f:141:39:141:40":13,"b:142:32:144:Infinity:undefined:undefined:undefined:undefined":18,"s:142:32:144:Infinity":62,"b:142:36:142:57:142:57:142:72":19,"s:143:36:143:Infinity":63,"b:149:38:149:Infinity:150:38:150:Infinity":20,"b:157:49:157:65:157:65:157:Infinity":21,"f:189:40:189:41":14,"s:190:32:220:Infinity":64,"f:199:49:199:50":15,"s:200:44:200:Infinity":65,"s:201:44:201:Infinity":66,"b:215:37:215:Infinity:216:40:218:Infinity":22,"f:231:41:231:47":16,"s:231:47:231:Infinity":67,"f:232:43:232:44":17,"b:233:36:235:Infinity:undefined:undefined:undefined:undefined":23,"s:233:36:235:Infinity":68,"b:233:40:233:61:233:61:233:76":24,"s:234:40:234:Infinity":69,"b:240:42:240:Infinity:241:42:241:Infinity":25,"b:247:53:247:74:247:74:247:Infinity":26,"b:263:53:263:74:263:74:263:Infinity":27}}}
,"C:\\Users\\Umut\\Projects\\smartsearch-frontend\\src\\components\\ProductCard.tsx": {"path":"C:\\Users\\Umut\\Projects\\smartsearch-frontend\\src\\components\\ProductCard.tsx","statementMap":{"0":{"start":{"line":13,"column":24},"end":{"line":15,"column":null}},"1":{"start":{"line":17,"column":10},"end":{"line":23,"column":null}},"2":{"start":{"line":18,"column":21},"end":{"line":18,"column":null}},"3":{"start":{"line":20,"column":12},"end":{"line":20,"column":null}},"4":{"start":{"line":21,"column":12},"end":{"line":21,"column":null}},"5":{"start":{"line":25,"column":28},"end":{"line":35,"column":null}},"6":{"start":{"line":26,"column":8},"end":{"line":26,"column":null}},"7":{"start":{"line":27,"column":8},"end":{"line":27,"column":null}},"8":{"start":{"line":29,"column":24},"end":{"line":29,"column":null}},"9":{"start":{"line":30,"column":8},"end":{"line":30,"column":null}},"10":{"start":{"line":32,"column":8},"end":{"line":34,"column":null}},"11":{"start":{"line":33,"column":12},"end":{"line":33,"column":null}},"12":{"start":{"line":37,"column":4},"end":{"line":140,"column":null}},"13":{"start":{"line":99,"column":44},"end":{"line":99,"column":null}},"14":{"start":{"line":119,"column":44},"end":{"line":119,"column":null}}},"fnMap":{"0":{"name":"ProductCard","decl":{"start":{"line":11,"column":9},"end":{"line":11,"column":21}},"loc":{"start":{"line":11,"column":84},"end":{"line":142,"column":null}},"line":11},"1":{"name":"(anonymous_1)","decl":{"start":{"line":18,"column":20},"end":{"line":18,"column":21}},"loc":{"start":{"line":18,"column":21},"end":{"line":18,"column":null}},"line":18},"2":{"name":"(anonymous_2)","decl":{"start":{"line":19,"column":17},"end":{"line":19,"column":23}},"loc":{"start":{"line":19,"column":23},"end":{"line":22,"column":null}},"line":19},"3":{"name":"(anonymous_3)","decl":{"start":{"line":25,"column":28},"end":{"line":25,"column":29}},"loc":{"start":{"line":25,"column":96},"end":{"line":35,"column":null}},"line":25},"4":{"name":"(anonymous_4)","decl":{"start":{"line":99,"column":37},"end":{"line":99,"column":38}},"loc":{"start":{"line":99,"column":44},"end":{"line":99,"column":null}},"line":99},"5":{"name":"(anonymous_5)","decl":{"start":{"line":119,"column":37},"end":{"line":119,"column":38}},"loc":{"start":{"line":119,"column":44},"end":{"line":119,"column":null}},"line":119}},"branchMap":{"0":{"loc":{"start":{"line":14,"column":8},"end":{"line":14,"column":null}},"type":"cond-expr","locations":[{"start":{"line":14,"column":38},"end":{"line":14,"column":45}},{"start":{"line":14,"column":45},"end":{"line":14,"column":null}}],"line":14},"1":{"loc":{"start":{"line":14,"column":45},"end":{"line":14,"column":null}},"type":"cond-expr","locations":[{"start":{"line":14,"column":67},"end":{"line":14,"column":76}},{"start":{"line":14,"column":76},"end":{"line":14,"column":null}}],"line":14},"2":{"loc":{"start":{"line":29,"column":24},"end":{"line":29,"column":null}},"type":"cond-expr","locations":[{"start":{"line":29,"column":44},"end":{"line":29,"column":51}},{"start":{"line":29,"column":51},"end":{"line":29,"column":null}}],"line":29},"3":{"loc":{"start":{"line":32,"column":8},"end":{"line":34,"column":null}},"type":"if","locations":[{"start":{"line":32,"column":8},"end":{"line":34,"column":null}},{"start":{},"end":{}}],"line":32},"4":{"loc":{"start":{"line":49,"column":17},"end":{"line":75,"column":null}},"type":"binary-expr","locations":[{"start":{"line":49,"column":17},"end":{"line":49,"column":null}},{"start":{"line":50,"column":20},"end":{"line":75,"column":null}}],"line":49},"5":{"loc":{"start":{"line":55,"column":37},"end":{"line":58,"column":null}},"type":"binary-expr","locations":[{"start":{"line":55,"column":37},"end":{"line":55,"column":null}},{"start":{"line":56,"column":40},"end":{"line":58,"column":null}}],"line":55},"6":{"loc":{"start":{"line":60,"column":37},"end":{"line":63,"column":null}},"type":"binary-expr","locations":[{"start":{"line":60,"column":37},"end":{"line":60,"column":null}},{"start":{"line":61,"column":40},"end":{"line":63,"column":null}}],"line":60},"7":{"loc":{"start":{"line":65,"column":37},"end":{"line":66,"column":null}},"type":"binary-expr","locations":[{"start":{"line":65,"column":37},"end":{"line":65,"column":null}},{"start":{"line":66,"column":40},"end":{"line":66,"column":null}}],"line":65},"8":{"loc":{"start":{"line":92,"column":50},"end":{"line":92,"column":89}},"type":"binary-expr","locations":[{"start":{"line":92,"column":50},"end":{"line":92,"column":73}},{"start":{"line":92,"column":73},"end":{"line":92,"column":89}}],"line":92},"9":{"loc":{"start":{"line":102,"column":65},"end":{"line":102,"column":116}},"type":"cond-expr","locations":[{"start":{"line":102,"column":83},"end":{"line":102,"column":101}},{"start":{"line":102,"column":101},"end":{"line":102,"column":116}}],"line":102},"10":{"loc":{"start":{"line":122,"column":64},"end":{"line":122,"column":117}},"type":"cond-expr","locations":[{"start":{"line":122,"column":85},"end":{"line":122,"column":102}},{"start":{"line":122,"column":102},"end":{"line":122,"column":117}}],"line":122}},"s":{"0":35,"1":35,"2":8,"3":1,"4":1,"5":35,"6":9,"7":9,"8":9,"9":9,"10":9,"11":8,"12":35,"13":6,"14":3},"f":{"0":35,"1":8,"2":1,"3":9,"4":6,"5":3},"b":{"0":[33,2],"1":[1,1],"2":[1,8],"3":[8,1],"4":[35,34],"5":[34,33],"6":[34,33],"7":[34,32],"8":[35,0],"9":[7,28],"10":[6,29]},"meta":{"lastBranch":11,"lastFunction":6,"lastStatement":15,"seen":{"f:11:9:11:21":0,"s:13:24:15:Infinity":0,"b:14:38:14:45:14:45:14:Infinity":0,"b:14:67:14:76:14:76:14:Infinity":1,"s:17:10:23:Infinity":1,"f:18:20:18:21":1,"s:18:21:18:Infinity":2,"f:19:17:19:23":2,"s:20:12:20:Infinity":3,"s:21:12:21:Infinity":4,"s:25:28:35:Infinity":5,"f:25:28:25:29":3,"s:26:8:26:Infinity":6,"s:27:8:27:Infinity":7,"s:29:24:29:Infinity":8,"b:29:44:29:51:29:51:29:Infinity":2,"s:30:8:30:Infinity":9,"b:32:8:34:Infinity:undefined:undefined:undefined:undefined":3,"s:32:8:34:Infinity":10,"s:33:12:33:Infinity":11,"s:37:4:140:Infinity":12,"b:49:17:49:Infinity:50:20:75:Infinity":4,"b:55:37:55:Infinity:56:40:58:Infinity":5,"b:60:37:60:Infinity:61:40:63:Infinity":6,"b:65:37:65:Infinity:66:40:66:Infinity":7,"b:92:50:92:73:92:73:92:89":8,"f:99:37:99:38":4,"s:99:44:99:Infinity":13,"b:102:83:102:101:102:101:102:116":9,"f:119:37:119:38":5,"s:119:44:119:Infinity":14,"b:122:85:122:102:122:102:122:117":10}}}
,"C:\\Users\\Umut\\Projects\\smartsearch-frontend\\src\\components\\ProductFormModal.tsx": {"path":"C:\\Users\\Umut\\Projects\\smartsearch-frontend\\src\\components\\ProductFormModal.tsx","statementMap":{"0":{"start":{"line":37,"column":10},"end":{"line":37,"column":null}},"1":{"start":{"line":38,"column":23},"end":{"line":38,"column":null}},"2":{"start":{"line":41,"column":32},"end":{"line":45,"column":null}},"3":{"start":{"line":48,"column":52},"end":{"line":48,"column":null}},"4":{"start":{"line":49,"column":58},"end":{"line":49,"column":null}},"5":{"start":{"line":52,"column":34},"end":{"line":52,"column":null}},"6":{"start":{"line":55,"column":28},"end":{"line":55,"column":null}},"7":{"start":{"line":56,"column":46},"end":{"line":56,"column":null}},"8":{"start":{"line":59,"column":33},"end":{"line":62,"column":null}},"9":{"start":{"line":63,"column":23},"end":{"line":63,"column":null}},"10":{"start":{"line":65,"column":29},"end":{"line":68,"column":null}},"11":{"start":{"line":69,"column":19},"end":{"line":69,"column":null}},"12":{"start":{"line":70,"column":25},"end":{"line":73,"column":null}},"13":{"start":{"line":70,"column":44},"end":{"line":73,"column":6}},"14":{"start":{"line":76,"column":4},"end":{"line":124,"column":null}},"15":{"start":{"line":77,"column":8},"end":{"line":123,"column":null}},"16":{"start":{"line":78,"column":12},"end":{"line":82,"column":null}},"17":{"start":{"line":85,"column":12},"end":{"line":85,"column":null}},"18":{"start":{"line":86,"column":12},"end":{"line":86,"column":null}},"19":{"start":{"line":87,"column":12},"end":{"line":87,"column":null}},"20":{"start":{"line":90,"column":32},"end":{"line":114,"column":null}},"21":{"start":{"line":91,"column":16},"end":{"line":91,"column":null}},"22":{"start":{"line":92,"column":16},"end":{"line":113,"column":null}},"23":{"start":{"line":93,"column":54},"end":{"line":93,"column":null}},"24":{"start":{"line":94,"column":20},"end":{"line":94,"column":null}},"25":{"start":{"line":95,"column":42},"end":{"line":106,"column":null}},"26":{"start":{"line":96,"column":36},"end":{"line":96,"column":null}},"27":{"start":{"line":97,"column":41},"end":{"line":97,"column":null}},"28":{"start":{"line":98,"column":37},"end":{"line":98,"column":null}},"29":{"start":{"line":99,"column":41},"end":{"line":99,"column":null}},"30":{"start":{"line":100,"column":37},"end":{"line":100,"column":null}},"31":{"start":{"line":101,"column":24},"end":{"line":105,"column":null}},"32":{"start":{"line":107,"column":41},"end":{"line":107,"column":null}},"33":{"start":{"line":108,"column":20},"end":{"line":108,"column":null}},"34":{"start":{"line":110,"column":20},"end":{"line":110,"column":null}},"35":{"start":{"line":112,"column":20},"end":{"line":112,"column":null}},"36":{"start":{"line":115,"column":12},"end":{"line":115,"column":null}},"37":{"start":{"line":116,"column":8},"end":{"line":123,"column":null}},"38":{"start":{"line":118,"column":12},"end":{"line":118,"column":null}},"39":{"start":{"line":119,"column":12},"end":{"line":119,"column":null}},"40":{"start":{"line":120,"column":12},"end":{"line":120,"column":null}},"41":{"start":{"line":121,"column":12},"end":{"line":121,"column":null}},"42":{"start":{"line":122,"column":12},"end":{"line":122,"column":null}},"43":{"start":{"line":127,"column":10},"end":{"line":137,"column":null}},"44":{"start":{"line":130,"column":12},"end":{"line":130,"column":null}},"45":{"start":{"line":131,"column":12},"end":{"line":131,"column":null}},"46":{"start":{"line":132,"column":12},"end":{"line":132,"column":null}},"47":{"start":{"line":135,"column":12},"end":{"line":135,"column":null}},"48":{"start":{"line":139,"column":10},"end":{"line":149,"column":null}},"49":{"start":{"line":140,"column":21},"end":{"line":140,"column":null}},"50":{"start":{"line":142,"column":12},"end":{"line":142,"column":null}},"51":{"start":{"line":143,"column":12},"end":{"line":143,"column":null}},"52":{"start":{"line":144,"column":12},"end":{"line":144,"column":null}},"53":{"start":{"line":147,"column":12},"end":{"line":147,"column":null}},"54":{"start":{"line":152,"column":30},"end":{"line":155,"column":null}},"55":{"start":{"line":153,"column":32},"end":{"line":153,"column":null}},"56":{"start":{"line":154,"column":8},"end":{"line":154,"column":null}},"57":{"start":{"line":154,"column":31},"end":{"line":154,"column":58}},"58":{"start":{"line":158,"column":33},"end":{"line":162,"column":null}},"59":{"start":{"line":159,"column":8},"end":{"line":159,"column":null}},"60":{"start":{"line":159,"column":39},"end":{"line":159,"column":null}},"61":{"start":{"line":160,"column":8},"end":{"line":160,"column":null}},"62":{"start":{"line":161,"column":8},"end":{"line":161,"column":null}},"63":{"start":{"line":165,"column":25},"end":{"line":231,"column":null}},"64":{"start":{"line":166,"column":8},"end":{"line":166,"column":null}},"65":{"start":{"line":169,"column":8},"end":{"line":172,"column":null}},"66":{"start":{"line":170,"column":12},"end":{"line":170,"column":null}},"67":{"start":{"line":171,"column":12},"end":{"line":171,"column":null}},"68":{"start":{"line":175,"column":35},"end":{"line":213,"column":null}},"69":{"start":{"line":176,"column":12},"end":{"line":212,"column":null}},"70":{"start":{"line":177,"column":28},"end":{"line":177,"column":null}},"71":{"start":{"line":178,"column":16},"end":{"line":178,"column":null}},"72":{"start":{"line":179,"column":16},"end":{"line":210,"column":null}},"73":{"start":{"line":180,"column":37},"end":{"line":180,"column":null}},"74":{"start":{"line":181,"column":44},"end":{"line":181,"column":null}},"75":{"start":{"line":183,"column":20},"end":{"line":191,"column":null}},"76":{"start":{"line":184,"column":24},"end":{"line":187,"column":null}},"77":{"start":{"line":185,"column":28},"end":{"line":185,"column":null}},"78":{"start":{"line":186,"column":28},"end":{"line":186,"column":null}},"79":{"start":{"line":188,"column":20},"end":{"line":191,"column":null}},"80":{"start":{"line":189,"column":24},"end":{"line":189,"column":null}},"81":{"start":{"line":190,"column":24},"end":{"line":190,"column":null}},"82":{"start":{"line":193,"column":35},"end":{"line":193,"column":null}},"83":{"start":{"line":194,"column":20},"end":{"line":194,"column":null}},"84":{"start":{"line":195,"column":20},"end":{"line":195,"column":null}},"85":{"start":{"line":196,"column":32},"end":{"line":196,"column":null}},"86":{"start":{"line":197,"column":20},"end":{"line":197,"column":null}},"87":{"start":{"line":197,"column":30},"end":{"line":197,"column":null}},"88":{"start":{"line":198,"column":20},"end":{"line":198,"column":null}},"89":{"start":{"line":199,"column":20},"end":{"line":209,"column":null}},"90":{"start":{"line":201,"column":28},"end":{"line":201,"column":null}},"91":{"start":{"line":201,"column":39},"end":{"line":201,"column":null}},"92":{"start":{"line":202,"column":45},"end":{"line":204,"column":null}},"93":{"start":{"line":205,"column":28},"end":{"line":205,"column":null}},"94":{"start":{"line":211,"column":16},"end":{"line":211,"column":null}},"95":{"start":{"line":211,"column":39},"end":{"line":211,"column":null}},"96":{"start":{"line":215,"column":32},"end":{"line":215,"column":null}},"97":{"start":{"line":215,"column":68},"end":{"line":215,"column":94}},"98":{"start":{"line":217,"column":24},"end":{"line":224,"column":null}},"99":{"start":{"line":226,"column":8},"end":{"line":230,"column":null}},"100":{"start":{"line":227,"column":12},"end":{"line":227,"column":null}},"101":{"start":{"line":229,"column":12},"end":{"line":229,"column":null}},"102":{"start":{"line":233,"column":22},"end":{"line":233,"column":null}},"103":{"start":{"line":235,"column":4},"end":{"line":333,"column":null}}},"fnMap":{"0":{"name":"ProductFormModal","decl":{"start":{"line":36,"column":16},"end":{"line":36,"column":33}},"loc":{"start":{"line":36,"column":86},"end":{"line":335,"column":null}},"line":36},"1":{"name":"(anonymous_1)","decl":{"start":{"line":70,"column":36},"end":{"line":70,"column":37}},"loc":{"start":{"line":70,"column":44},"end":{"line":73,"column":6}},"line":70},"2":{"name":"(anonymous_2)","decl":{"start":{"line":76,"column":14},"end":{"line":76,"column":20}},"loc":{"start":{"line":76,"column":20},"end":{"line":124,"column":7}},"line":76},"3":{"name":"(anonymous_3)","decl":{"start":{"line":90,"column":32},"end":{"line":90,"column":44}},"loc":{"start":{"line":90,"column":44},"end":{"line":114,"column":null}},"line":90},"4":{"name":"(anonymous_4)","decl":{"start":{"line":95,"column":60},"end":{"line":95,"column":67}},"loc":{"start":{"line":95,"column":75},"end":{"line":106,"column":21}},"line":95},"5":{"name":"(anonymous_5)","decl":{"start":{"line":129,"column":19},"end":{"line":129,"column":25}},"loc":{"start":{"line":129,"column":25},"end":{"line":133,"column":null}},"line":129},"6":{"name":"(anonymous_6)","decl":{"start":{"line":134,"column":17},"end":{"line":134,"column":18}},"loc":{"start":{"line":134,"column":28},"end":{"line":136,"column":null}},"line":134},"7":{"name":"(anonymous_7)","decl":{"start":{"line":140,"column":20},"end":{"line":140,"column":21}},"loc":{"start":{"line":140,"column":21},"end":{"line":140,"column":null}},"line":140},"8":{"name":"(anonymous_8)","decl":{"start":{"line":141,"column":19},"end":{"line":141,"column":25}},"loc":{"start":{"line":141,"column":25},"end":{"line":145,"column":null}},"line":141},"9":{"name":"(anonymous_9)","decl":{"start":{"line":146,"column":17},"end":{"line":146,"column":18}},"loc":{"start":{"line":146,"column":28},"end":{"line":148,"column":null}},"line":146},"10":{"name":"(anonymous_10)","decl":{"start":{"line":152,"column":30},"end":{"line":152,"column":31}},"loc":{"start":{"line":152,"column":110},"end":{"line":155,"column":null}},"line":152},"11":{"name":"(anonymous_11)","decl":{"start":{"line":154,"column":20},"end":{"line":154,"column":21}},"loc":{"start":{"line":154,"column":31},"end":{"line":154,"column":58}},"line":154},"12":{"name":"(anonymous_12)","decl":{"start":{"line":158,"column":33},"end":{"line":158,"column":34}},"loc":{"start":{"line":158,"column":49},"end":{"line":162,"column":null}},"line":158},"13":{"name":"(anonymous_13)","decl":{"start":{"line":165,"column":25},"end":{"line":165,"column":32}},"loc":{"start":{"line":165,"column":49},"end":{"line":231,"column":null}},"line":165},"14":{"name":"(anonymous_14)","decl":{"start":{"line":175,"column":35},"end":{"line":175,"column":36}},"loc":{"start":{"line":175,"column":66},"end":{"line":213,"column":null}},"line":175},"15":{"name":"(anonymous_15)","decl":{"start":{"line":176,"column":31},"end":{"line":176,"column":32}},"loc":{"start":{"line":176,"column":52},"end":{"line":212,"column":13}},"line":176},"16":{"name":"(anonymous_16)","decl":{"start":{"line":179,"column":29},"end":{"line":179,"column":35}},"loc":{"start":{"line":179,"column":35},"end":{"line":210,"column":null}},"line":179},"17":{"name":"(anonymous_17)","decl":{"start":{"line":200,"column":24},"end":{"line":200,"column":25}},"loc":{"start":{"line":200,"column":34},"end":{"line":206,"column":null}},"line":200},"18":{"name":"(anonymous_18)","decl":{"start":{"line":211,"column":30},"end":{"line":211,"column":31}},"loc":{"start":{"line":211,"column":39},"end":{"line":211,"column":null}},"line":211},"19":{"name":"(anonymous_19)","decl":{"start":{"line":215,"column":61},"end":{"line":215,"column":62}},"loc":{"start":{"line":215,"column":68},"end":{"line":215,"column":94}},"line":215}},"branchMap":{"0":{"loc":{"start":{"line":63,"column":23},"end":{"line":63,"column":null}},"type":"binary-expr","locations":[{"start":{"line":63,"column":23},"end":{"line":63,"column":53}},{"start":{"line":63,"column":53},"end":{"line":63,"column":null}}],"line":63},"1":{"loc":{"start":{"line":69,"column":19},"end":{"line":69,"column":null}},"type":"binary-expr","locations":[{"start":{"line":69,"column":19},"end":{"line":69,"column":33}},{"start":{"line":69,"column":33},"end":{"line":69,"column":null}}],"line":69},"2":{"loc":{"start":{"line":77,"column":8},"end":{"line":123,"column":null}},"type":"if","locations":[{"start":{"line":77,"column":8},"end":{"line":123,"column":null}},{"start":{"line":116,"column":8},"end":{"line":123,"column":null}}],"line":77},"3":{"loc":{"start":{"line":77,"column":12},"end":{"line":77,"column":31}},"type":"binary-expr","locations":[{"start":{"line":77,"column":12},"end":{"line":77,"column":22}},{"start":{"line":77,"column":22},"end":{"line":77,"column":31}}],"line":77},"4":{"loc":{"start":{"line":86,"column":37},"end":{"line":86,"column":79}},"type":"binary-expr","locations":[{"start":{"line":86,"column":37},"end":{"line":86,"column":75}},{"start":{"line":86,"column":75},"end":{"line":86,"column":79}}],"line":86},"5":{"loc":{"start":{"line":87,"column":34},"end":{"line":87,"column":84}},"type":"binary-expr","locations":[{"start":{"line":87,"column":34},"end":{"line":87,"column":80}},{"start":{"line":87,"column":80},"end":{"line":87,"column":84}}],"line":87},"6":{"loc":{"start":{"line":99,"column":41},"end":{"line":99,"column":null}},"type":"binary-expr","locations":[{"start":{"line":99,"column":41},"end":{"line":99,"column":65}},{"start":{"line":99,"column":65},"end":{"line":99,"column":null}}],"line":99},"7":{"loc":{"start":{"line":116,"column":8},"end":{"line":123,"column":null}},"type":"if","locations":[{"start":{"line":116,"column":8},"end":{"line":123,"column":null}},{"start":{},"end":{}}],"line":116},"8":{"loc":{"start":{"line":116,"column":19},"end":{"line":116,"column":39}},"type":"binary-expr","locations":[{"start":{"line":116,"column":19},"end":{"line":116,"column":29}},{"start":{"line":116,"column":29},"end":{"line":116,"column":39}}],"line":116},"9":{"loc":{"start":{"line":159,"column":8},"end":{"line":159,"column":null}},"type":"if","locations":[{"start":{"line":159,"column":8},"end":{"line":159,"column":null}},{"start":{},"end":{}}],"line":159},"10":{"loc":{"start":{"line":169,"column":8},"end":{"line":172,"column":null}},"type":"if","locations":[{"start":{"line":169,"column":8},"end":{"line":172,"column":null}},{"start":{},"end":{}}],"line":169},"11":{"loc":{"start":{"line":169,"column":12},"end":{"line":169,"column":103}},"type":"binary-expr","locations":[{"start":{"line":169,"column":12},"end":{"line":169,"column":35}},{"start":{"line":169,"column":35},"end":{"line":169,"column":61}},{"start":{"line":169,"column":61},"end":{"line":169,"column":84}},{"start":{"line":169,"column":84},"end":{"line":169,"column":103}}],"line":169},"12":{"loc":{"start":{"line":183,"column":20},"end":{"line":191,"column":null}},"type":"if","locations":[{"start":{"line":183,"column":20},"end":{"line":191,"column":null}},{"start":{"line":188,"column":20},"end":{"line":191,"column":null}}],"line":183},"13":{"loc":{"start":{"line":184,"column":24},"end":{"line":187,"column":null}},"type":"if","locations":[{"start":{"line":184,"column":24},"end":{"line":187,"column":null}},{"start":{},"end":{}}],"line":184},"14":{"loc":{"start":{"line":188,"column":20},"end":{"line":191,"column":null}},"type":"if","locations":[{"start":{"line":188,"column":20},"end":{"line":191,"column":null}},{"start":{},"end":{}}],"line":188},"15":{"loc":{"start":{"line":197,"column":20},"end":{"line":197,"column":null}},"type":"if","locations":[{"start":{"line":197,"column":20},"end":{"line":197,"column":null}},{"start":{},"end":{}}],"line":197},"16":{"loc":{"start":{"line":201,"column":28},"end":{"line":201,"column":null}},"type":"if","locations":[{"start":{"line":201,"column":28},"end":{"line":201,"column":null}},{"start":{},"end":{}}],"line":201},"17":{"loc":{"start":{"line":226,"column":8},"end":{"line":230,"column":null}},"type":"if","locations":[{"start":{"line":226,"column":8},"end":{"line":230,"column":null}},{"start":{"line":228,"column":15},"end":{"line":230,"column":null}}],"line":226},"18":{"loc":{"start":{"line":233,"column":22},"end":{"line":233,"column":null}},"type":"binary-expr","locations":[{"start":{"line":233,"column":22},"end":{"line":233,"column":50}},{"start":{"line":233,"column":50},"end":{"line":233,"column":null}}],"line":233},"19":{"loc":{"start":{"line":239,"column":19},"end":{"line":239,"column":null}},"type":"cond-expr","locations":[{"start":{"line":239,"column":32},"end":{"line":239,"column":49}},{"start":{"line":239,"column":49},"end":{"line":239,"column":null}}],"line":239},"20":{"loc":{"start":{"line":246,"column":70},"end":{"line":246,"column":100}},"type":"binary-expr","locations":[{"start":{"line":246,"column":70},"end":{"line":246,"column":83}},{"start":{"line":246,"column":83},"end":{"line":246,"column":100}}],"line":246},"21":{"loc":{"start":{"line":247,"column":25},"end":{"line":247,"column":null}},"type":"cond-expr","locations":[{"start":{"line":247,"column":37},"end":{"line":247,"column":51}},{"start":{"line":247,"column":51},"end":{"line":247,"column":null}}],"line":247},"22":{"loc":{"start":{"line":247,"column":51},"end":{"line":247,"column":null}},"type":"cond-expr","locations":[{"start":{"line":247,"column":64},"end":{"line":247,"column":81}},{"start":{"line":247,"column":81},"end":{"line":247,"column":null}}],"line":247},"23":{"loc":{"start":{"line":311,"column":25},"end":{"line":316,"column":null}},"type":"cond-expr","locations":[{"start":{"line":312,"column":28},"end":{"line":314,"column":null}},{"start":{"line":316,"column":28},"end":{"line":316,"column":null}}],"line":311}},"s":{"0":89,"1":89,"2":89,"3":89,"4":89,"5":89,"6":89,"7":89,"8":89,"9":89,"10":89,"11":89,"12":89,"13":90,"14":89,"15":23,"16":9,"17":9,"18":9,"19":9,"20":9,"21":9,"22":9,"23":9,"24":7,"25":7,"26":7,"27":7,"28":0,"29":0,"30":7,"31":7,"32":7,"33":0,"34":8,"35":8,"36":9,"37":14,"38":12,"39":12,"40":12,"41":12,"42":12,"43":89,"44":0,"45":0,"46":0,"47":0,"48":89,"49":0,"50":0,"51":0,"52":0,"53":0,"54":89,"55":32,"56":32,"57":32,"58":89,"59":0,"60":0,"61":0,"62":0,"63":89,"64":1,"65":1,"66":1,"67":1,"68":0,"69":0,"70":0,"71":0,"72":0,"73":0,"74":0,"75":0,"76":0,"77":0,"78":0,"79":0,"80":0,"81":0,"82":0,"83":0,"84":0,"85":0,"86":0,"87":0,"88":0,"89":0,"90":0,"91":0,"92":0,"93":0,"94":0,"95":0,"96":0,"97":0,"98":0,"99":0,"100":0,"101":0,"102":89,"103":89},"f":{"0":89,"1":90,"2":23,"3":9,"4":7,"5":0,"6":0,"7":0,"8":0,"9":0,"10":32,"11":32,"12":0,"13":1,"14":0,"15":0,"16":0,"17":0,"18":0,"19":0},"b":{"0":[89,44],"1":[89,44],"2":[9,14],"3":[23,21],"4":[9,0],"5":[9,0],"6":[0,0],"7":[12,2],"8":[14,12],"9":[0,0],"10":[1,0],"11":[1,0,0,0],"12":[0,0],"13":[0,0],"14":[0,0],"15":[0,0],"16":[0,0],"17":[0,0],"18":[89,89],"19":[27,62],"20":[89,89],"21":[0,89],"22":[27,62],"23":[9,80]},"meta":{"lastBranch":24,"lastFunction":20,"lastStatement":104,"seen":{"f:36:16:36:33":0,"s:37:10:37:Infinity":0,"s:38:23:38:Infinity":1,"s:41:32:45:Infinity":2,"s:48:52:48:Infinity":3,"s:49:58:49:Infinity":4,"s:52:34:52:Infinity":5,"s:55:28:55:Infinity":6,"s:56:46:56:Infinity":7,"s:59:33:62:Infinity":8,"s:63:23:63:Infinity":9,"b:63:23:63:53:63:53:63:Infinity":0,"s:65:29:68:Infinity":10,"s:69:19:69:Infinity":11,"b:69:19:69:33:69:33:69:Infinity":1,"s:70:25:73:Infinity":12,"f:70:36:70:37":1,"s:70:44:73:6":13,"s:76:4:124:Infinity":14,"f:76:14:76:20":2,"b:77:8:123:Infinity:116:8:123:Infinity":2,"s:77:8:123:Infinity":15,"b:77:12:77:22:77:22:77:31":3,"s:78:12:82:Infinity":16,"s:85:12:85:Infinity":17,"s:86:12:86:Infinity":18,"b:86:37:86:75:86:75:86:79":4,"s:87:12:87:Infinity":19,"b:87:34:87:80:87:80:87:84":5,"s:90:32:114:Infinity":20,"f:90:32:90:44":3,"s:91:16:91:Infinity":21,"s:92:16:113:Infinity":22,"s:93:54:93:Infinity":23,"s:94:20:94:Infinity":24,"s:95:42:106:Infinity":25,"f:95:60:95:67":4,"s:96:36:96:Infinity":26,"s:97:41:97:Infinity":27,"s:98:37:98:Infinity":28,"s:99:41:99:Infinity":29,"b:99:41:99:65:99:65:99:Infinity":6,"s:100:37:100:Infinity":30,"s:101:24:105:Infinity":31,"s:107:41:107:Infinity":32,"s:108:20:108:Infinity":33,"s:110:20:110:Infinity":34,"s:112:20:112:Infinity":35,"s:115:12:115:Infinity":36,"b:116:8:123:Infinity:undefined:undefined:undefined:undefined":7,"s:116:8:123:Infinity":37,"b:116:19:116:29:116:29:116:39":8,"s:118:12:118:Infinity":38,"s:119:12:119:Infinity":39,"s:120:12:120:Infinity":40,"s:121:12:121:Infinity":41,"s:122:12:122:Infinity":42,"s:127:10:137:Infinity":43,"f:129:19:129:25":5,"s:130:12:130:Infinity":44,"s:131:12:131:Infinity":45,"s:132:12:132:Infinity":46,"f:134:17:134:18":6,"s:135:12:135:Infinity":47,"s:139:10:149:Infinity":48,"f:140:20:140:21":7,"s:140:21:140:Infinity":49,"f:141:19:141:25":8,"s:142:12:142:Infinity":50,"s:143:12:143:Infinity":51,"s:144:12:144:Infinity":52,"f:146:17:146:18":9,"s:147:12:147:Infinity":53,"s:152:30:155:Infinity":54,"f:152:30:152:31":10,"s:153:32:153:Infinity":55,"s:154:8:154:Infinity":56,"f:154:20:154:21":11,"s:154:31:154:58":57,"s:158:33:162:Infinity":58,"f:158:33:158:34":12,"b:159:8:159:Infinity:undefined:undefined:undefined:undefined":9,"s:159:8:159:Infinity":59,"s:159:39:159:Infinity":60,"s:160:8:160:Infinity":61,"s:161:8:161:Infinity":62,"s:165:25:231:Infinity":63,"f:165:25:165:32":13,"s:166:8:166:Infinity":64,"b:169:8:172:Infinity:undefined:undefined:undefined:undefined":10,"s:169:8:172:Infinity":65,"b:169:12:169:35:169:35:169:61:169:61:169:84:169:84:169:103":11,"s:170:12:170:Infinity":66,"s:171:12:171:Infinity":67,"s:175:35:213:Infinity":68,"f:175:35:175:36":14,"s:176:12:212:Infinity":69,"f:176:31:176:32":15,"s:177:28:177:Infinity":70,"s:178:16:178:Infinity":71,"s:179:16:210:Infinity":72,"f:179:29:179:35":16,"s:180:37:180:Infinity":73,"s:181:44:181:Infinity":74,"b:183:20:191:Infinity:188:20:191:Infinity":12,"s:183:20:191:Infinity":75,"b:184:24:187:Infinity:undefined:undefined:undefined:undefined":13,"s:184:24:187:Infinity":76,"s:185:28:185:Infinity":77,"s:186:28:186:Infinity":78,"b:188:20:191:Infinity:undefined:undefined:undefined:undefined":14,"s:188:20:191:Infinity":79,"s:189:24:189:Infinity":80,"s:190:24:190:Infinity":81,"s:193:35:193:Infinity":82,"s:194:20:194:Infinity":83,"s:195:20:195:Infinity":84,"s:196:32:196:Infinity":85,"b:197:20:197:Infinity:undefined:undefined:undefined:undefined":15,"s:197:20:197:Infinity":86,"s:197:30:197:Infinity":87,"s:198:20:198:Infinity":88,"s:199:20:209:Infinity":89,"f:200:24:200:25":17,"b:201:28:201:Infinity:undefined:undefined:undefined:undefined":16,"s:201:28:201:Infinity":90,"s:201:39:201:Infinity":91,"s:202:45:204:Infinity":92,"s:205:28:205:Infinity":93,"s:211:16:211:Infinity":94,"f:211:30:211:31":18,"s:211:39:211:Infinity":95,"s:215:32:215:Infinity":96,"f:215:61:215:62":19,"s:215:68:215:94":97,"s:217:24:224:Infinity":98,"b:226:8:230:Infinity:228:15:230:Infinity":17,"s:226:8:230:Infinity":99,"s:227:12:227:Infinity":100,"s:229:12:229:Infinity":101,"s:233:22:233:Infinity":102,"b:233:22:233:50:233:50:233:Infinity":18,"s:235:4:333:Infinity":103,"b:239:32:239:49:239:49:239:Infinity":19,"b:246:70:246:83:246:83:246:100":20,"b:247:37:247:51:247:51:247:Infinity":21,"b:247:64:247:81:247:81:247:Infinity":22,"b:312:28:314:Infinity:316:28:316:Infinity":23}}}
,"C:\\Users\\Umut\\Projects\\smartsearch-frontend\\src\\components\\ProductListItem.tsx": {"path":"C:\\Users\\Umut\\Projects\\smartsearch-frontend\\src\\components\\ProductListItem.tsx","statementMap":{"0":{"start":{"line":13,"column":36},"end":{"line":13,"column":null}},"1":{"start":{"line":15,"column":4},"end":{"line":27,"column":null}},"2":{"start":{"line":16,"column":30},"end":{"line":25,"column":null}},"3":{"start":{"line":17,"column":12},"end":{"line":24,"column":null}},"4":{"start":{"line":18,"column":16},"end":{"line":23,"column":null}},"5":{"start":{"line":19,"column":38},"end":{"line":19,"column":null}},"6":{"start":{"line":20,"column":20},"end":{"line":20,"column":null}},"7":{"start":{"line":22,"column":20},"end":{"line":22,"column":null}},"8":{"start":{"line":26,"column":8},"end":{"line":26,"column":null}},"9":{"start":{"line":29,"column":4},"end":{"line":91,"column":null}},"10":{"start":{"line":77,"column":35},"end":{"line":77,"column":null}},"11":{"start":{"line":85,"column":35},"end":{"line":85,"column":null}}},"fnMap":{"0":{"name":"ProductListItem","decl":{"start":{"line":12,"column":16},"end":{"line":12,"column":32}},"loc":{"start":{"line":12,"column":85},"end":{"line":93,"column":null}},"line":12},"1":{"name":"(anonymous_1)","decl":{"start":{"line":15,"column":14},"end":{"line":15,"column":20}},"loc":{"start":{"line":15,"column":20},"end":{"line":27,"column":7}},"line":15},"2":{"name":"(anonymous_2)","decl":{"start":{"line":16,"column":30},"end":{"line":16,"column":42}},"loc":{"start":{"line":16,"column":42},"end":{"line":25,"column":null}},"line":16},"3":{"name":"(anonymous_3)","decl":{"start":{"line":77,"column":29},"end":{"line":77,"column":35}},"loc":{"start":{"line":77,"column":35},"end":{"line":77,"column":null}},"line":77},"4":{"name":"(anonymous_4)","decl":{"start":{"line":85,"column":29},"end":{"line":85,"column":35}},"loc":{"start":{"line":85,"column":35},"end":{"line":85,"column":null}},"line":85}},"branchMap":{"0":{"loc":{"start":{"line":17,"column":12},"end":{"line":24,"column":null}},"type":"if","locations":[{"start":{"line":17,"column":12},"end":{"line":24,"column":null}},{"start":{},"end":{}}],"line":17},"1":{"loc":{"start":{"line":33,"column":17},"end":{"line":45,"column":null}},"type":"cond-expr","locations":[{"start":{"line":34,"column":20},"end":{"line":34,"column":null}},{"start":{"line":36,"column":20},"end":{"line":45,"column":null}}],"line":33},"2":{"loc":{"start":{"line":63,"column":21},"end":{"line":63,"column":null}},"type":"binary-expr","locations":[{"start":{"line":63,"column":21},"end":{"line":63,"column":60}},{"start":{"line":63,"column":60},"end":{"line":63,"column":null}}],"line":63},"3":{"loc":{"start":{"line":66,"column":21},"end":{"line":66,"column":null}},"type":"binary-expr","locations":[{"start":{"line":66,"column":21},"end":{"line":66,"column":52}},{"start":{"line":66,"column":52},"end":{"line":66,"column":null}}],"line":66}},"s":{"0":18,"1":18,"2":16,"3":16,"4":16,"5":16,"6":10,"7":13,"8":16,"9":18,"10":1,"11":1},"f":{"0":18,"1":16,"2":16,"3":1,"4":1},"b":{"0":[16,0],"1":[2,16],"2":[18,1],"3":[18,1]},"meta":{"lastBranch":4,"lastFunction":5,"lastStatement":12,"seen":{"f:12:16:12:32":0,"s:13:36:13:Infinity":0,"s:15:4:27:Infinity":1,"f:15:14:15:20":1,"s:16:30:25:Infinity":2,"f:16:30:16:42":2,"b:17:12:24:Infinity:undefined:undefined:undefined:undefined":0,"s:17:12:24:Infinity":3,"s:18:16:23:Infinity":4,"s:19:38:19:Infinity":5,"s:20:20:20:Infinity":6,"s:22:20:22:Infinity":7,"s:26:8:26:Infinity":8,"s:29:4:91:Infinity":9,"b:34:20:34:Infinity:36:20:45:Infinity":1,"b:63:21:63:60:63:60:63:Infinity":2,"b:66:21:66:52:66:52:66:Infinity":3,"f:77:29:77:35":3,"s:77:35:77:Infinity":10,"f:85:29:85:35":4,"s:85:35:85:Infinity":11}}}
,"C:\\Users\\Umut\\Projects\\smartsearch-frontend\\src\\components\\ProtectedRoute.tsx": {"path":"C:\\Users\\Umut\\Projects\\smartsearch-frontend\\src\\components\\ProtectedRoute.tsx","statementMap":{"0":{"start":{"line":8,"column":25},"end":{"line":8,"column":null}},"1":{"start":{"line":11,"column":10},"end":{"line":11,"column":null}},"2":{"start":{"line":12,"column":34},"end":{"line":12,"column":null}},"3":{"start":{"line":14,"column":4},"end":{"line":21,"column":null}},"4":{"start":{"line":15,"column":28},"end":{"line":15,"column":null}},"5":{"start":{"line":16,"column":8},"end":{"line":20,"column":null}},"6":{"start":{"line":17,"column":12},"end":{"line":17,"column":null}},"7":{"start":{"line":19,"column":12},"end":{"line":19,"column":null}},"8":{"start":{"line":23,"column":4},"end":{"line":25,"column":null}},"9":{"start":{"line":24,"column":8},"end":{"line":24,"column":null}},"10":{"start":{"line":27,"column":4},"end":{"line":30,"column":null}},"11":{"start":{"line":29,"column":8},"end":{"line":29,"column":null}},"12":{"start":{"line":32,"column":4},"end":{"line":32,"column":null}}},"fnMap":{"0":{"name":"ProtectedRoute","decl":{"start":{"line":10,"column":9},"end":{"line":10,"column":24}},"loc":{"start":{"line":10,"column":59},"end":{"line":33,"column":null}},"line":10},"1":{"name":"(anonymous_1)","decl":{"start":{"line":14,"column":14},"end":{"line":14,"column":20}},"loc":{"start":{"line":14,"column":20},"end":{"line":21,"column":7}},"line":14}},"branchMap":{"0":{"loc":{"start":{"line":16,"column":8},"end":{"line":20,"column":null}},"type":"if","locations":[{"start":{"line":16,"column":8},"end":{"line":20,"column":null}},{"start":{"line":18,"column":15},"end":{"line":20,"column":null}}],"line":16},"1":{"loc":{"start":{"line":23,"column":4},"end":{"line":25,"column":null}},"type":"if","locations":[{"start":{"line":23,"column":4},"end":{"line":25,"column":null}},{"start":{},"end":{}}],"line":23},"2":{"loc":{"start":{"line":27,"column":4},"end":{"line":30,"column":null}},"type":"if","locations":[{"start":{"line":27,"column":4},"end":{"line":30,"column":null}},{"start":{},"end":{}}],"line":27}},"s":{"0":1,"1":15,"2":15,"3":15,"4":6,"5":6,"6":3,"7":3,"8":15,"9":6,"10":9,"11":6,"12":3},"f":{"0":15,"1":6},"b":{"0":[3,3],"1":[6,9],"2":[6,3]},"meta":{"lastBranch":3,"lastFunction":2,"lastStatement":13,"seen":{"s:8:25:8:Infinity":0,"f:10:9:10:24":0,"s:11:10:11:Infinity":1,"s:12:34:12:Infinity":2,"s:14:4:21:Infinity":3,"f:14:14:14:20":1,"s:15:28:15:Infinity":4,"b:16:8:20:Infinity:18:15:20:Infinity":0,"s:16:8:20:Infinity":5,"s:17:12:17:Infinity":6,"s:19:12:19:Infinity":7,"b:23:4:25:Infinity:undefined:undefined:undefined:undefined":1,"s:23:4:25:Infinity":8,"s:24:8:24:Infinity":9,"b:27:4:30:Infinity:undefined:undefined:undefined:undefined":2,"s:27:4:30:Infinity":10,"s:29:8:29:Infinity":11,"s:32:4:32:Infinity":12}}}
,"C:\\Users\\Umut\\Projects\\smartsearch-frontend\\src\\components\\SearchBar.tsx": {"path":"C:\\Users\\Umut\\Projects\\smartsearch-frontend\\src\\components\\SearchBar.tsx","statementMap":{"0":{"start":{"line":19,"column":26},"end":{"line":19,"column":null}},"1":{"start":{"line":20,"column":36},"end":{"line":20,"column":null}},"2":{"start":{"line":21,"column":50},"end":{"line":21,"column":null}},"3":{"start":{"line":22,"column":10},"end":{"line":22,"column":null}},"4":{"start":{"line":23,"column":10},"end":{"line":23,"column":null}},"5":{"start":{"line":24,"column":22},"end":{"line":24,"column":null}},"6":{"start":{"line":27,"column":4},"end":{"line":31,"column":null}},"7":{"start":{"line":28,"column":8},"end":{"line":30,"column":null}},"8":{"start":{"line":29,"column":12},"end":{"line":29,"column":null}},"9":{"start":{"line":34,"column":4},"end":{"line":39,"column":null}},"10":{"start":{"line":35,"column":8},"end":{"line":38,"column":null}},"11":{"start":{"line":36,"column":12},"end":{"line":36,"column":null}},"12":{"start":{"line":37,"column":12},"end":{"line":37,"column":null}},"13":{"start":{"line":42,"column":10},"end":{"line":44,"column":null}},"14":{"start":{"line":58,"column":4},"end":{"line":61,"column":null}},"15":{"start":{"line":63,"column":32},"end":{"line":70,"column":null}},"16":{"start":{"line":64,"column":24},"end":{"line":64,"column":null}},"17":{"start":{"line":65,"column":25},"end":{"line":65,"column":null}},"18":{"start":{"line":66,"column":8},"end":{"line":66,"column":null}},"19":{"start":{"line":67,"column":8},"end":{"line":67,"column":null}},"20":{"start":{"line":68,"column":8},"end":{"line":68,"column":null}},"21":{"start":{"line":74,"column":30},"end":{"line":77,"column":null}},"22":{"start":{"line":75,"column":8},"end":{"line":75,"column":null}},"23":{"start":{"line":76,"column":8},"end":{"line":76,"column":null}},"24":{"start":{"line":80,"column":29},"end":{"line":105,"column":null}},"25":{"start":{"line":81,"column":8},"end":{"line":81,"column":null}},"26":{"start":{"line":83,"column":8},"end":{"line":85,"column":null}},"27":{"start":{"line":84,"column":12},"end":{"line":84,"column":null}},"28":{"start":{"line":88,"column":8},"end":{"line":90,"column":null}},"29":{"start":{"line":89,"column":12},"end":{"line":89,"column":null}},"30":{"start":{"line":92,"column":8},"end":{"line":94,"column":null}},"31":{"start":{"line":93,"column":12},"end":{"line":93,"column":null}},"32":{"start":{"line":96,"column":8},"end":{"line":98,"column":null}},"33":{"start":{"line":97,"column":12},"end":{"line":97,"column":null}},"34":{"start":{"line":100,"column":8},"end":{"line":100,"column":null}},"35":{"start":{"line":101,"column":8},"end":{"line":104,"column":null}},"36":{"start":{"line":108,"column":26},"end":{"line":113,"column":null}},"37":{"start":{"line":109,"column":8},"end":{"line":112,"column":null}},"38":{"start":{"line":110,"column":12},"end":{"line":110,"column":null}},"39":{"start":{"line":111,"column":12},"end":{"line":111,"column":null}},"40":{"start":{"line":115,"column":4},"end":{"line":285,"column":null}},"41":{"start":{"line":181,"column":47},"end":{"line":181,"column":null}},"42":{"start":{"line":225,"column":43},"end":{"line":225,"column":null}}},"fnMap":{"0":{"name":"SearchBar","decl":{"start":{"line":10,"column":9},"end":{"line":10,"column":19}},"loc":{"start":{"line":18,"column":3},"end":{"line":287,"column":null}},"line":18},"1":{"name":"(anonymous_1)","decl":{"start":{"line":27,"column":14},"end":{"line":27,"column":20}},"loc":{"start":{"line":27,"column":20},"end":{"line":31,"column":7}},"line":27},"2":{"name":"(anonymous_2)","decl":{"start":{"line":34,"column":14},"end":{"line":34,"column":20}},"loc":{"start":{"line":34,"column":20},"end":{"line":39,"column":7}},"line":34},"3":{"name":"(anonymous_3)","decl":{"start":{"line":63,"column":32},"end":{"line":63,"column":33}},"loc":{"start":{"line":63,"column":54},"end":{"line":70,"column":null}},"line":63},"4":{"name":"(anonymous_4)","decl":{"start":{"line":74,"column":30},"end":{"line":74,"column":31}},"loc":{"start":{"line":74,"column":75},"end":{"line":77,"column":null}},"line":74},"5":{"name":"(anonymous_5)","decl":{"start":{"line":80,"column":29},"end":{"line":80,"column":30}},"loc":{"start":{"line":80,"column":69},"end":{"line":105,"column":null}},"line":80}
[...]
lumn":null}},{"start":{"line":226,"column":24},"end":{"line":321,"column":null}}],"line":221},"17":{"loc":{"start":{"line":258,"column":44},"end":{"line":260,"column":null}},"type":"cond-expr","locations":[{"start":{"line":259,"column":50},"end":{"line":259,"column":null}},{"start":{"line":260,"column":50},"end":{"line":260,"column":null}}],"line":258},"18":{"loc":{"start":{"line":267,"column":48},"end":{"line":271,"column":null}},"type":"cond-expr","locations":[{"start":{"line":268,"column":54},"end":{"line":268,"column":null}},{"start":{"line":269,"column":54},"end":{"line":271,"column":null}}],"line":267},"19":{"loc":{"start":{"line":269,"column":54},"end":{"line":271,"column":null}},"type":"cond-expr","locations":[{"start":{"line":270,"column":56},"end":{"line":270,"column":null}},{"start":{"line":271,"column":56},"end":{"line":271,"column":null}}],"line":269},"20":{"loc":{"start":{"line":273,"column":59},"end":{"line":273,"column":null}},"type":"binary-expr","locations":[{"start":{"line":273,"column":59},"end":{"line":273,"column":80}},{"start":{"line":273,"column":80},"end":{"line":273,"column":null}}],"line":273},"21":{"loc":{"start":{"line":291,"column":44},"end":{"line":293,"column":null}},"type":"cond-expr","locations":[{"start":{"line":292,"column":50},"end":{"line":292,"column":null}},{"start":{"line":293,"column":50},"end":{"line":293,"column":null}}],"line":291},"22":{"loc":{"start":{"line":313,"column":46},"end":{"line":313,"column":null}},"type":"binary-expr","locations":[{"start":{"line":313,"column":46},"end":{"line":313,"column":71}},{"start":{"line":313,"column":71},"end":{"line":313,"column":95}},{"start":{"line":313,"column":95},"end":{"line":313,"column":null}}],"line":313},"23":{"loc":{"start":{"line":324,"column":21},"end":{"line":329,"column":null}},"type":"binary-expr","locations":[{"start":{"line":324,"column":21},"end":{"line":324,"column":null}},{"start":{"line":325,"column":24},"end":{"line":329,"column":null}}],"line":324},"24":{"loc":{"start":{"line":326,"column":71},"end":{"line":326,"column":166}},"type":"cond-expr","locations":[{"start":{"line":326,"column":107},"end":{"line":326,"column":142}},{"start":{"line":326,"column":142},"end":{"line":326,"column":166}}],"line":326},"25":{"loc":{"start":{"line":341,"column":21},"end":{"line":367,"column":null}},"type":"cond-expr","locations":[{"start":{"line":342,"column":24},"end":{"line":342,"column":null}},{"start":{"line":343,"column":24},"end":{"line":367,"column":null}}],"line":341},"26":{"loc":{"start":{"line":343,"column":24},"end":{"line":367,"column":null}},"type":"cond-expr","locations":[{"start":{"line":344,"column":24},"end":{"line":346,"column":null}},{"start":{"line":348,"column":24},"end":{"line":367,"column":null}}],"line":343},"27":{"loc":{"start":{"line":363,"column":42},"end":{"line":363,"column":null}},"type":"binary-expr","locations":[{"start":{"line":363,"column":42},"end":{"line":363,"column":71}},{"start":{"line":363,"column":71},"end":{"line":363,"column":null}}],"line":363},"28":{"loc":{"start":{"line":365,"column":33},"end":{"line":365,"column":null}},"type":"cond-expr","locations":[{"start":{"line":365,"column":68},"end":{"line":365,"column":82}},{"start":{"line":365,"column":82},"end":{"line":365,"column":null}}],"line":365},"29":{"loc":{"start":{"line":370,"column":21},"end":{"line":375,"column":null}},"type":"binary-expr","locations":[{"start":{"line":370,"column":21},"end":{"line":370,"column":null}},{"start":{"line":371,"column":24},"end":{"line":375,"column":null}}],"line":370},"30":{"loc":{"start":{"line":372,"column":71},"end":{"line":372,"column":167}},"type":"cond-expr","locations":[{"start":{"line":372,"column":108},"end":{"line":372,"column":143}},{"start":{"line":372,"column":143},"end":{"line":372,"column":167}}],"line":372},"31":{"loc":{"start":{"line":384,"column":21},"end":{"line":414,"column":null}},"type":"cond-expr","locations":[{"start":{"line":385,"column":24},"end":{"line":385,"column":null}},{"start":{"line":386,"column":24},"end":{"line":414,"column":null}}],"line":384},"32":{"loc":{"start":{"line":386,"column":24},"end":{"line":414,"column":null}},"type":"cond-expr","locations":[{"start":{"line":387,"column":24},"end":{"line":389,"column":null}},{"start":{"line":390,"column":24},"end":{"line":414,"column":null}}],"line":386},"33":{"loc":{"start":{"line":390,"column":24},"end":{"line":414,"column":null}},"type":"cond-expr","locations":[{"start":{"line":391,"column":24},"end":{"line":391,"column":null}},{"start":{"line":393,"column":24},"end":{"line":414,"column":null}}],"line":390}},"s":{"0":1,"1":54,"2":54,"3":54,"4":54,"5":54,"6":54,"7":54,"8":54,"9":54,"10":54,"11":54,"12":54,"13":54,"14":54,"15":54,"16":54,"17":1,"18":1,"19":1,"20":1,"21":54,"22":1,"23":0,"24":54,"25":38,"26":54,"27":38,"28":31,"29":54,"30":38,"31":31,"32":54,"33":38,"34":32,"35":54,"36":54,"37":39,"38":0,"39":54,"40":54,"41":54,"42":54,"43":3,"44":3,"45":54,"46":1,"47":1,"48":54,"49":0,"50":1,"51":62},"f":{"0":54,"1":1,"2":1,"3":1,"4":0,"5":38,"6":38,"7":31,"8":38,"9":31,"10":38,"11":32,"12":39,"13":3,"14":1,"15":0,"16":1,"17":62},"b":{"0":[54,51,22,22],"1":[54,52,22,22],"2":[54,53,22],"3":[54,54,23,23],"4":[1,0],"5":[0,0],"6":[38,22],"7":[38,22],"8":[38,22],"9":[38,22],"10":[0,39],"11":[39,0],"12":[54,32],"13":[54,53],"14":[54,3],"15":[22,32],"16":[1,31],"17":[31,0],"18":[0,31],"19":[0,31],"20":[0,0],"21":[31,0],"22":[31,31,31],"23":[54,4],"24":[2,2],"25":[22,32],"26":[1,31],"27":[31,31],"28":[1,30],"29":[54,2],"30":[2,0],"31":[22,32],"32":[1,31],"33":[0,31]},"meta":{"lastBranch":34,"lastFunction":18,"lastStatement":52,"seen":{"s:17:29:17:Infinity":0,"f:24:24:24:39":0,"s:25:10:25:Infinity":1,"s:27:48:27:Infinity":2,"s:28:46:28:Infinity":3,"s:29:56:29:Infinity":4,"s:30:36:30:Infinity":5,"s:32:44:32:Infinity":6,"s:33:46:33:Infinity":7,"s:39:4:42:Infinity":8,"s:48:4:51:Infinity":9,"s:57:4:60:Infinity":10,"s:66:4:69:Infinity":11,"s:73:8:76:Infinity":12,"b:73:8:73:Infinity:74:8:74:Infinity:75:8:75:Infinity:76:8:76:Infinity":0,"s:79:8:82:Infinity":13,"b:79:8:79:Infinity:80:8:80:Infinity:81:8:81:Infinity:82:8:82:Infinity":1,"s:85:8:87:Infinity":14,"b:85:8:85:Infinity:86:9:86:Infinity:87:8:87:Infinity":2,"s:90:8:93:Infinity":15,"b:90:8:90:Infinity:91:8:91:Infinity:92:8:92:Infinity:93:8:93:Infinity":3,"s:95:10:111:Infinity":16,"f:97:19:97:20":1,"s:98:12:101:Infinity":17,"s:102:12:102:Infinity":18,"s:103:12:103:Infinity":19,"f:105:17:105:18":2,"s:106:12:109:Infinity":20,"b:108:25:108:42:108:42:108:Infinity":4,"s:113:10:127:Infinity":21,"f:115:19:115:20":3,"s:116:12:119:Infinity":22,"f:121:17:121:18":4,"s:122:12:125:Infinity":23,"b:124:25:124:42:124:42:124:Infinity":5,"s:129:10:129:Infinity":24,"f:129:30:129:36":5,"s:129:36:129:83":25,"b:129:51:129:78:129:78:129:80":6,"s:131:10:138:Infinity":26,"f:132:8:132:Infinity":6,"s:133:12:136:Infinity":27,"b:133:12:136:19:136:19:136:Infinity":7,"f:133:57:133:58":7,"s:133:69:136:14":28,"s:140:10:147:Infinity":29,"f:141:8:141:Infinity":8,"s:142:12:145:Infinity":30,"b:142:12:145:19:145:19:145:Infinity":8,"f:142:56:142:57":9,"s:142:68:145:14":31,"s:149:10:156:Infinity":32,"f:150:8:150:Infinity":10,"s:151:12:154:Infinity":33,"b:151:12:154:19:154:19:154:Infinity":9,"f:151:51:151:52":11,"s:151:64:154:14":34,"s:159:30:159:Infinity":35,"s:162:4:166:Infinity":36,"f:162:14:162:20":12,"b:163:8:165:Infinity:undefined:undefined:undefined:undefined":10,"s:163:8:165:Infinity":37,"b:163:12:163:42:163:42:163:62":11,"s:164:12:164:Infinity":38,"s:168:29:168:Infinity":39,"s:170:38:170:Infinity":40,"b:170:38:170:66:170:66:170:Infinity":12,"s:171:36:171:Infinity":41,"b:171:36:171:62:171:62:171:Infinity":13,"s:173:33:182:Infinity":42,"f:173:33:173:39":13,"s:174:8:174:Infinity":43,"s:176:8:181:Infinity":44,"s:184:33:190:Infinity":45,"f:184:33:184:39":14,"s:185:8:185:Infinity":46,"s:187:8:189:Infinity":47,"s:192:4:418:Infinity":48,"b:202:17:202:Infinity:203:20:210:Infinity":14,"b:220:24:220:Infinity:221:24:321:Infinity":15,"b:222:24:224:Infinity:226:24:321:Infinity":16,"b:259:50:259:Infinity:260:50:260:Infinity":17,"b:268:54:268:Infinity:269:54:271:Infinity":18,"b:270:56:270:Infinity:271:56:271:Infinity":19,"f:273:53:273:59":15,"s:273:59:273:Infinity":49,"b:273:59:273:80:273:80:273:Infinity":20,"b:292:50:292:Infinity:293:50:293:Infinity":21,"f:295:49:295:55":16,"s:295:55:295:Infinity":50,"b:313:46:313:71:313:71:313:95:313:95:313:Infinity":22,"b:324:21:324:Infinity:325:24:329:Infinity":23,"b:326:107:326:142:326:142:326:166":24,"b:342:24:342:Infinity:343:24:367:Infinity":25,"b:344:24:346:Infinity:348:24:367:Infinity":26,"b:363:42:363:71:363:71:363:Infinity":27,"b:365:68:365:82:365:82:365:Infinity":28,"b:370:21:370:Infinity:371:24:375:Infinity":29,"b:372:108:372:143:372:143:372:167":30,"b:385:24:385:Infinity:386:24:414:Infinity":31,"b:387:24:389:Infinity:390:24:414:Infinity":32,"b:391:24:391:Infinity:393:24:414:Infinity":33,"f:404:51:404:52":17,"s:405:40:410:Infinity":51}}}
,"C:\\Users\\Umut\\Projects\\smartsearch-frontend\\src\\pages\\admin\\StatisticsPage.tsx": {"path":"C:\\Users\\Umut\\Projects\\smartsearch-frontend\\src\\pages\\admin\\StatisticsPage.tsx","statementMap":{"0":{"start":{"line":11,"column":25},"end":{"line":51,"column":null}},"1":{"start":{"line":24,"column":4},"end":{"line":51,"column":null}},"2":{"start":{"line":54,"column":18},"end":{"line":73,"column":null}},"3":{"start":{"line":63,"column":4},"end":{"line":73,"column":null}},"4":{"start":{"line":68,"column":33},"end":{"line":68,"column":null}},"5":{"start":{"line":78,"column":36},"end":{"line":78,"column":null}},"6":{"start":{"line":79,"column":38},"end":{"line":79,"column":null}},"7":{"start":{"line":80,"column":25},"end":{"line":80,"column":null}},"8":{"start":{"line":86,"column":4},"end":{"line":89,"column":null}},"9":{"start":{"line":91,"column":10},"end":{"line":109,"column":null}},"10":{"start":{"line":92,"column":8},"end":{"line":92,"column":null}},"11":{"start":{"line":92,"column":29},"end":{"line":92,"column":null}},"12":{"start":{"line":94,"column":24},"end":{"line":100,"column":null}},"13":{"start":{"line":95,"column":27},"end":{"line":95,"column":null}},"14":{"start":{"line":96,"column":26},"end":{"line":96,"column":null}},"15":{"start":{"line":96,"column":50},"end":{"line":96,"column":57}},"16":{"start":{"line":97,"column":24},"end":{"line":97,"column":null}},"17":{"start":{"line":98,"column":24},"end":{"line":98,"column":null}},"18":{"start":{"line":99,"column":12},"end":{"line":99,"column":null}},"19":{"start":{"line":102,"column":8},"end":{"line":108,"column":null}},"20":{"start":{"line":103,"column":36},"end":{"line":103,"column":89}},"21":{"start":{"line":104,"column":39},"end":{"line":104,"column":56}},"22":{"start":{"line":105,"column":38},"end":{"line":105,"column":50}},"23":{"start":{"line":106,"column":37},"end":{"line":106,"column":107}},"24":{"start":{"line":107,"column":33},"end":{"line":107,"column":56}},"25":{"start":{"line":112,"column":10},"end":{"line":116,"column":null}},"26":{"start":{"line":113,"column":8},"end":{"line":115,"column":null}},"27":{"start":{"line":114,"column":30},"end":{"line":114,"column":76}},"28":{"start":{"line":115,"column":28},"end":{"line":115,"column":53}},"29":{"start":{"line":119,"column":23},"end":{"line":119,"column":null}},"30":{"start":{"line":120,"column":10},"end":{"line":123,"column":null}},"31":{"start":{"line":121,"column":14},"end":{"line":121,"column":null}},"32":{"start":{"line":122,"column":8},"end":{"line":122,"column":null}},"33":{"start":{"line":126,"column":25},"end":{"line":129,"column":null}},"34":{"start":{"line":127,"column":8},"end":{"line":127,"column":null}},"35":{"start":{"line":128,"column":8},"end":{"line":128,"column":null}},"36":{"start":{"line":131,"column":4},"end":{"line":133,"column":null}},"37":{"start":{"line":132,"column":8},"end":{"line":132,"column":null}},"38":{"start":{"line":135,"column":4},"end":{"line":137,"column":null}},"39":{"start":{"line":136,"column":8},"end":{"line":136,"column":null}},"40":{"start":{"line":139,"column":4},"end":{"line":228,"column":null}},"41":{"start":{"line":192,"column":24},"end":{"line":192,"column":null}}},"fnMap":{"0":{"name":"(anonymous_0)","decl":{"start":{"line":11,"column":25},"end":{"line":11,"column":26}},"loc":{"start":{"line":24,"column":4},"end":{"line":51,"column":null}},"line":24},"1":{"name":"(anonymous_1)","decl":{"start":{"line":54,"column":18},"end":{"line":54,"column":19}},"loc":{"start":{"line":63,"column":4},"end":{"line":73,"column":null}},"line":63},"2":{"name":"(anonymous_2)","decl":{"start":{"line":68,"column":26},"end":{"line":68,"column":27}},"loc":{"start":{"line":68,"column":33},"end":{"line":68,"column":null}},"line":68},"3":{"name":"StatisticsPage","decl":{"start":{"line":77,"column":24},"end":{"line":77,"column":41}},"loc":{"start":{"line":77,"column":41},"end":{"line":230,"column":null}},"line":77},"4":{"name":"(anonymous_4)","decl":{"start":{"line":91,"column":35},"end":{"line":91,"column":41}},"loc":{"start":{"line":91,"column":41},"end":{"line":109,"column":7}},"line":91},"5":{"name":"(anonymous_5)","decl":{"start":{"line":94,"column":24},"end":{"line":94,"column":25}},"loc":{"start":{"line":94,"column":66},"end":{"line":100,"column":null}},"line":94},"6":{"name":"(anonymous_6)","decl":{"start":{"line":96,"column":40},"end":{"line":96,"column":41}},"loc":{"start":{"line":96,"column":50},"end":{"line":96,"column":57}},"line":96},"7":{"name":"(anonymous_7)","decl":{"start":{"line":103,"column":29},"end":{"line":103,"column":30}},"loc":{"start":{"line":103,"column":36},"end":{"line":103,"column":89}},"line":103},"8":{"name":"(anonymous_8)","decl":{"start":{"line":104,"column":32},"end":{"line":104,"column":33}},"loc":{"start":{"line":104,"column":39},"end":{"line":104,"column":56}},"line":104},"9":{"name":"(anonymous_9)","decl":{"start":{"line":105,"column":31},"end":{"line":105,"column":32}},"loc":{"start":{"line":105,"column":38},"end":{"line":105,"column":50}},"line":105},"10":{"name":"(anonymous_10)","decl":{"start":{"line":106,"column":30},"end":{"line":106,"column":31}},"loc":{"start":{"line":106,"column":37},"end":{"line":106,"column":107}},"line":106},"11":{"name":"(anonymous_11)","decl":{"start":{"line":107,"column":26},"end":{"line":107,"column":27}},"loc":{"start":{"line":107,"column":33},"end":{"line":107,"column":56}},"line":107},"12":{"name":"(anonymous_12)","decl":{"start":{"line":112,"column":33},"end":{"line":112,"column":39}},"loc":{"start":{"line":112,"column":39},"end":{"line":116,"column":7}},"line":112},"13":{"name":"(anonymous_13)","decl":{"start":{"line":114,"column":20},"end":{"line":114,"column":21}},"loc":{"start":{"line":114,"column":30},"end":{"line":114,"column":76}},"line":114},"14":{"name":"(anonymous_14)","decl":{"start":{"line":115,"column":18},"end":{"line":115,"column":19}},"loc":{"start":{"line":115,"column":28},"end":{"line":115,"column":53}},"line":115},"15":{"name":"(anonymous_15)","decl":{"start":{"line":120,"column":34},"end":{"line":120,"column":40}},"loc":{"start":{"line":120,"column":40},"end":{"line":123,"column":7}},"line":120},"16":{"name":"(anonymous_16)","decl":{"start":{"line":126,"column":25},"end":{"line":126,"column":26}},"loc":{"start":{"line":126,"column":43},"end":{"line":129,"column":null}},"line":126},"17":{"name":"(anonymous_17)","decl":{"start":{"line":191,"column":39},"end":{"line":191,"column":40}},"loc":{"start":{"line":192,"column":24},"end":{"line":192,"column":null}},"line":192}},"branchMap":{"0":{"loc":{"start":{"line":35,"column":21},"end":{"line":35,"column":75}},"type":"cond-expr","locations":[{"start":{"line":35,"column":29},"end":{"line":35,"column":70}},{"start":{"line":35,"column":70},"end":{"line":35,"column":75}}],"line":35},"1":{"loc":{"start":{"line":41,"column":25},"end":{"line":41,"column":null}},"type":"cond-expr","locations":[{"start":{"line":41,"column":33},"end":{"line":41,"column":74}},{"start":{"line":41,"column":74},"end":{"line":41,"column":null}}],"line":41},"2":{"loc":{"start":{"line":45,"column":25},"end":{"line":45,"column":null}},"type":"cond-expr","locations":[{"start":{"line":45,"column":33},"end":{"line":45,"column":74}},{"start":{"line":45,"column":74},"end":{"line":45,"column":null}}],"line":45},"3":{"loc":{"start":{"line":83,"column":14},"end":{"line":83,"column":null}},"type":"default-arg","locations":[{"start":{"line":83,"column":24},"end":{"line":83,"column":null}}],"line":83},"4":{"loc":{"start":{"line":92,"column":8},"end":{"line":92,"column":null}},"type":"if","locations":[{"start":{"line":92,"column":8},"end":{"line":92,"column":null}},{"start":{},"end":{}}],"line":92},"5":{"loc":{"start":{"line":131,"column":4},"end":{"line":133,"column":null}},"type":"if","locations":[{"start":{"line":131,"column":4},"end":{"line":133,"column":null}},{"start":{},"end":{}}],"line":131},"6":{"loc":{"start":{"line":135,"column":4},"end":{"line":137,"column":null}},"type":"if","locations":[{"start":{"line":135,"column":4},"end":{"line":137,"column":null}},{"start":{},"end":{}}],"line":135},"7":{"loc":{"start":{"line":189,"column":13},"end":{"line":201,"column":null}},"type":"cond-expr","locations":[{"start":{"line":190,"column":16},"end":{"line":194,"column":null}},{"start":{"line":196,"column":16},"end":{"line":201,"column":null}}],"line":189},"8":{"loc":{"start":{"line":205,"column":13},"end":{"line":208,"column":null}},"type":"binary-expr","locations":[{"start":{"line":205,"column":13},"end":{"line":205,"column":null}},{"start":{"line":206,"column":16},"end":{"line":208,"column":null}}],"line":205}},"s":{"0":1,"1":90,"2":1,"3":18,"4":3,"5":33,"6":33,"7":33,"8":33,"9":33,"10":27,"11":16,"12":11,"13":55,"14":55,"15":335,"16":55,"17":55,"18":55,"19":11,"20":67,"21":67,"22":67,"23":67,"24":67,"25":33,"26":30,"27":91,"28":58,"29":33,"30":33,"31":33,"32":33,"33":33,"34":3,"35":3,"36":33,"37":14,"38":19,"39":1,"40":18,"41":68},"f":{"0":90,"1":18,"2":3,"3":33,"4":27,"5":55,"6":335,"7":67,"8":67,"9":67,"10":67,"11":67,"12":30,"13":91,"14":58,"15":33,"16":3,"17":68},"b":{"0":[85,5],"1":[85,5],"2":[85,5],"3":[33],"4":[16,11],"5":[14,19],"6":[1,18],"7":[16,2],"8":[33,16]},"meta":{"lastBranch":9,"lastFunction":18,"lastStatement":42,"seen":{"s:11:25:51:Infinity":0,"f:11:25:11:26":0,"s:24:4:51:Infinity":1,"b:35:29:35:70:35:70:35:75":0,"b:41:33:41:74:41:74:41:Infinity":1,"b:45:33:45:74:45:74:45:Infinity":2,"s:54:18:73:Infinity":2,"f:54:18:54:19":1,"s:63:4:73:Infinity":3,"f:68:26:68:27":2,"s:68:33:68:Infinity":4,"f:77:24:77:41":3,"s:78:36:78:Infinity":5,"s:79:38:79:Infinity":6,"s:80:25:80:Infinity":7,"s:86:4:89:Infinity":8,"b:83:24:83:Infinity":3,"s:91:10:109:Infinity":9,"f:91:35:91:41":4,"b:92:8:92:Infinity:undefined:undefined:undefined:undefined":4,"s:92:8:92:Infinity":10,"s:92:29:92:Infinity":11,"s:94:24:100:Infinity":12,"f:94:24:94:25":5,"s:95:27:95:Infinity":13,"s:96:26:96:Infinity":14,"f:96:40:96:41":6,"s:96:50:96:57":15,"s:97:24:97:Infinity":16,"s:98:24:98:Infinity":17,"s:99:12:99:Infinity":18,"s:102:8:108:Infinity":19,"f:103:29:103:30":7,"s:103:36:103:89":20,"f:104:32:104:33":8,"s:104:39:104:56":21,"f:105:31:105:32":9,"s:105:38:105:50":22,"f:106:30:106:31":10,"s:106:37:106:107":23,"f:107:26:107:27":11,"s:107:33:107:56":24,"s:112:10:116:Infinity":25,"f:112:33:112:39":12,"s:113:8:115:Infinity":26,"f:114:20:114:21":13,"s:114:30:114:76":27,"f:115:18:115:19":14,"s:115:28:115:53":28,"s:119:23:119:Infinity":29,"s:120:10:123:Infinity":30,"f:120:34:120:40":15,"s:121:14:121:Infinity":31,"s:122:8:122:Infinity":32,"s:126:25:129:Infinity":33,"f:126:25:126:26":16,"s:127:8:127:Infinity":34,"s:128:8:128:Infinity":35,"b:131:4:133:Infinity:undefined:undefined:undefined:undefined":5,"s:131:4:133:Infinity":36,"s:132:8:132:Infinity":37,"b:135:4:137:Infinity:undefined:undefined:undefined:undefined":6,"s:135:4:137:Infinity":38,"s:136:8:136:Infinity":39,"s:139:4:228:Infinity":40,"b:190:16:194:Infinity:196:16:201:Infinity":7,"f:191:39:191:40":17,"s:192:24:192:Infinity":41,"b:205:13:205:Infinity:206:16:208:Infinity":8}}}
}
